2019-06-28 11:45:43.710 - root           (46  ) - [DEBUG  ] - logger successfully initialized
2019-06-28 11:45:46.462 - TicTacToeTrain (55  ) - [INFO   ] - start evaluating the network in epoch 0
2019-06-28 11:46:16.107 - root           (46  ) - [DEBUG  ] - logger successfully initialized
2019-06-28 11:46:20.258 - TicTacToeTrain (55  ) - [INFO   ] - start evaluating the network in epoch 0
2019-06-28 11:47:10.088 - root           (46  ) - [DEBUG  ] - logger successfully initialized
2019-06-28 11:47:11.871 - TicTacToeTrain (55  ) - [INFO   ] - start evaluating the network in epoch 0
2019-06-28 11:47:40.798 - root           (46  ) - [DEBUG  ] - logger successfully initialized
2019-06-28 11:47:42.730 - TicTacToeTrain (55  ) - [INFO   ] - start evaluating the network in epoch 0
2019-06-28 11:49:56.841 - root           (46  ) - [DEBUG  ] - logger successfully initialized
2019-06-28 11:50:00.186 - TicTacToeTrain (55  ) - [INFO   ] - start evaluating the network in epoch 0
2019-06-28 11:50:33.079 - root           (46  ) - [DEBUG  ] - logger successfully initialized
2019-06-28 11:50:33.082 - TicTacToeTrain (55  ) - [INFO   ] - start evaluating the network in epoch 0
2019-06-28 11:50:38.782 - root           (46  ) - [DEBUG  ] - logger successfully initialized
2019-06-28 11:50:38.784 - TicTacToeTrain (55  ) - [INFO   ] - start evaluating the network in epoch 0
2019-06-28 11:50:55.095 - root           (46  ) - [DEBUG  ] - logger successfully initialized
2019-06-28 11:50:55.097 - TicTacToeTrain (55  ) - [INFO   ] - start evaluating the network in epoch 0
2019-06-28 11:51:50.800 - root           (46  ) - [DEBUG  ] - logger successfully initialized
2019-06-28 11:51:50.801 - TicTacToeTrain (55  ) - [INFO   ] - start evaluating the network in epoch 0
2019-06-28 11:57:58.854 - root           (46  ) - [DEBUG  ] - logger successfully initialized
2019-06-28 11:57:58.856 - TicTacToeTrain (55  ) - [INFO   ] - start evaluating the network in epoch 0
2019-06-28 12:00:31.491 - root           (46  ) - [DEBUG  ] - logger successfully initialized
2019-06-28 12:00:31.494 - TicTacToeTrain (55  ) - [INFO   ] - start evaluating the network in epoch 0
2019-06-28 12:01:12.696 - root           (46  ) - [DEBUG  ] - logger successfully initialized
2019-06-28 12:01:12.698 - TicTacToeTrain (55  ) - [INFO   ] - start evaluating the network in epoch 0
2019-06-28 12:02:06.765 - root           (46  ) - [DEBUG  ] - logger successfully initialized
2019-06-28 12:02:06.767 - TicTacToeTrain (55  ) - [INFO   ] - start evaluating the network in epoch 0
2019-06-28 12:02:21.706 - root           (46  ) - [DEBUG  ] - logger successfully initialized
2019-06-28 12:02:21.708 - TicTacToeTrain (55  ) - [INFO   ] - start evaluating the network in epoch 0
2019-06-28 12:03:30.024 - root           (46  ) - [DEBUG  ] - logger successfully initialized
2019-06-28 12:03:30.027 - TicTacToeTrain (55  ) - [INFO   ] - start evaluating the network in epoch 0
2019-06-28 12:04:08.591 - TicTacToeTrain (57  ) - [INFO   ] - white score rate after 0 epochs: 0.555
2019-06-28 12:04:09.902 - TicTacToeTrain (60  ) - [INFO   ] - black score rate after 0 epochs: 0.3825
2019-06-28 12:04:24.263 - root           (46  ) - [DEBUG  ] - logger successfully initialized
2019-06-28 12:04:24.264 - TicTacToeTrain (55  ) - [INFO   ] - start evaluating the network in epoch 0
2019-06-28 12:04:25.364 - TicTacToeTrain (57  ) - [INFO   ] - white score rate after 0 epochs: 0.7105
2019-06-28 12:04:26.308 - TicTacToeTrain (60  ) - [INFO   ] - black score rate after 0 epochs: 0.356
2019-06-28 12:05:30.636 - root           (46  ) - [DEBUG  ] - logger successfully initialized
2019-06-28 12:05:30.639 - TicTacToeTrain (55  ) - [INFO   ] - start evaluating the network in epoch 0
2019-06-28 12:05:35.927 - TicTacToeTrain (57  ) - [INFO   ] - white score rate after 0 epochs: 0.791
2019-06-28 12:05:37.185 - TicTacToeTrain (60  ) - [INFO   ] - black score rate after 0 epochs: 0.2335
2019-06-28 13:06:36.267 - root           (46  ) - [DEBUG  ] - logger successfully initialized
2019-06-28 13:06:49.899 - root           (46  ) - [DEBUG  ] - logger successfully initialized
2019-06-28 13:07:12.372 - root           (46  ) - [DEBUG  ] - logger successfully initialized
2019-06-28 13:07:52.694 - root           (46  ) - [DEBUG  ] - logger successfully initialized
2019-06-28 13:07:52.696 - TicTacToeTrain (55  ) - [INFO   ] - start evaluating the network in epoch 0
2019-06-28 13:07:52.699 - TicTacToeTrain (57  ) - [INFO   ] - white score rate after 0 epochs: 0.0
2019-06-28 13:07:52.701 - TicTacToeTrain (60  ) - [INFO   ] - black score rate after 0 epochs: 0.0
2019-06-28 13:08:30.422 - root           (46  ) - [DEBUG  ] - logger successfully initialized
2019-06-28 13:08:30.424 - TicTacToeTrain (55  ) - [INFO   ] - start evaluating the network in epoch 0
2019-06-28 13:08:30.427 - TicTacToeTrain (57  ) - [INFO   ] - white score rate after 0 epochs: 1.0
2019-06-28 13:08:30.428 - TicTacToeTrain (60  ) - [INFO   ] - black score rate after 0 epochs: 0.0
2019-06-28 13:10:20.821 - root           (46  ) - [DEBUG  ] - logger successfully initialized
2019-06-28 13:10:20.823 - TicTacToeTrain (55  ) - [INFO   ] - start evaluating the network in epoch 0
2019-06-28 13:10:20.827 - TicTacToeTrain (57  ) - [INFO   ] - white score rate after 0 epochs: 0.5
2019-06-28 13:10:20.828 - TicTacToeTrain (60  ) - [INFO   ] - black score rate after 0 epochs: 0.0
2019-06-28 13:42:19.788 - root           (46  ) - [DEBUG  ] - logger successfully initialized
2019-06-28 13:42:19.791 - TicTacToeTrain (55  ) - [INFO   ] - start evaluating the network in epoch 0
2019-06-28 13:42:19.794 - TicTacToeTrain (57  ) - [INFO   ] - white score rate after 0 epochs: 1.0
2019-06-28 13:42:19.796 - TicTacToeTrain (60  ) - [INFO   ] - black score rate after 0 epochs: 0.0
2019-06-28 13:43:59.192 - root           (46  ) - [DEBUG  ] - logger successfully initialized
2019-06-28 13:43:59.195 - TicTacToeTrain (55  ) - [INFO   ] - start evaluating the network in epoch 0
2019-06-28 13:43:59.198 - TicTacToeTrain (57  ) - [INFO   ] - white score rate after 0 epochs: 1.0
2019-06-28 13:43:59.200 - TicTacToeTrain (60  ) - [INFO   ] - black score rate after 0 epochs: 0.5
2019-06-28 13:44:51.162 - root           (46  ) - [DEBUG  ] - logger successfully initialized
2019-06-28 13:44:51.165 - TicTacToeTrain (55  ) - [INFO   ] - start evaluating the network in epoch 0
2019-06-28 13:44:51.168 - TicTacToeTrain (57  ) - [INFO   ] - white score rate after 0 epochs: 1.0
2019-06-28 13:44:51.170 - TicTacToeTrain (60  ) - [INFO   ] - black score rate after 0 epochs: 1.0
2019-06-28 14:18:18.615 - root           (46  ) - [DEBUG  ] - logger successfully initialized
2019-06-28 14:18:18.618 - TicTacToeTrain (55  ) - [INFO   ] - start evaluating the network in epoch 0
2019-06-28 14:18:18.621 - TicTacToeTrain (57  ) - [INFO   ] - white score rate after 0 epochs: 0.0
2019-06-28 14:18:18.622 - TicTacToeTrain (60  ) - [INFO   ] - black score rate after 0 epochs: 0.0
2019-06-28 14:19:43.314 - root           (46  ) - [DEBUG  ] - logger successfully initialized
2019-06-28 14:19:43.317 - TicTacToeTrain (55  ) - [INFO   ] - start evaluating the network in epoch 0
2019-06-28 14:19:43.319 - TicTacToeTrain (57  ) - [INFO   ] - white score rate after 0 epochs: 1.0
2019-06-28 14:19:43.321 - TicTacToeTrain (60  ) - [INFO   ] - black score rate after 0 epochs: 0.0
2019-06-28 14:20:06.678 - root           (46  ) - [DEBUG  ] - logger successfully initialized
2019-06-28 14:20:06.680 - TicTacToeTrain (55  ) - [INFO   ] - start evaluating the network in epoch 0
2019-06-28 14:20:06.683 - TicTacToeTrain (57  ) - [INFO   ] - white score rate after 0 epochs: 1.0
2019-06-28 14:20:06.685 - TicTacToeTrain (60  ) - [INFO   ] - black score rate after 0 epochs: 0.0
2019-06-28 14:20:49.891 - root           (46  ) - [DEBUG  ] - logger successfully initialized
2019-06-28 14:20:49.893 - TicTacToeTrain (55  ) - [INFO   ] - start evaluating the network in epoch 0
2019-06-28 14:20:49.897 - TicTacToeTrain (57  ) - [INFO   ] - white score rate after 0 epochs: 1.0
2019-06-28 14:20:49.899 - TicTacToeTrain (60  ) - [INFO   ] - black score rate after 0 epochs: 1.0
2019-06-28 14:25:46.547 - root           (46  ) - [DEBUG  ] - logger successfully initialized
2019-06-28 14:25:46.549 - TicTacToeTrain (55  ) - [INFO   ] - start evaluating the network in epoch 0
2019-06-28 14:25:46.552 - TicTacToeTrain (57  ) - [INFO   ] - white score rate after 0 epochs: 1.0
2019-06-28 14:25:46.554 - TicTacToeTrain (60  ) - [INFO   ] - black score rate after 0 epochs: 0.0
2019-06-28 14:26:41.770 - root           (46  ) - [DEBUG  ] - logger successfully initialized
2019-06-28 14:26:41.773 - TicTacToeTrain (55  ) - [INFO   ] - start evaluating the network in epoch 0
2019-06-28 14:26:41.776 - TicTacToeTrain (57  ) - [INFO   ] - white score rate after 0 epochs: 0.5
2019-06-28 14:26:41.778 - TicTacToeTrain (60  ) - [INFO   ] - black score rate after 0 epochs: 1.0
2019-06-28 14:29:50.446 - root           (46  ) - [DEBUG  ] - logger successfully initialized
2019-06-28 14:30:06.428 - root           (46  ) - [DEBUG  ] - logger successfully initialized
2019-06-28 14:30:09.470 - TicTacToeTrain (55  ) - [INFO   ] - start evaluating the network in epoch 0
2019-06-28 14:30:09.474 - TicTacToeTrain (57  ) - [INFO   ] - white score rate after 0 epochs: 1.0
2019-06-28 14:30:09.475 - TicTacToeTrain (60  ) - [INFO   ] - black score rate after 0 epochs: 0.0
2019-06-28 14:31:20.527 - root           (46  ) - [DEBUG  ] - logger successfully initialized
2019-06-28 14:31:20.529 - TicTacToeTrain (55  ) - [INFO   ] - start evaluating the network in epoch 0
2019-06-28 14:31:20.533 - TicTacToeTrain (57  ) - [INFO   ] - white score rate after 0 epochs: 0.0
2019-06-28 14:31:20.534 - TicTacToeTrain (60  ) - [INFO   ] - black score rate after 0 epochs: 0.0
2019-06-28 14:58:21.444 - root           (46  ) - [DEBUG  ] - logger successfully initialized
2019-06-28 14:58:21.446 - TicTacToeTrain (55  ) - [INFO   ] - start evaluating the network in epoch 0
2019-06-28 14:58:21.450 - TicTacToeTrain (57  ) - [INFO   ] - white score rate after 0 epochs: 1.0
2019-06-28 14:58:21.451 - TicTacToeTrain (60  ) - [INFO   ] - black score rate after 0 epochs: 0.0
2019-06-28 14:58:48.686 - root           (46  ) - [DEBUG  ] - logger successfully initialized
2019-06-28 14:58:48.688 - TicTacToeTrain (55  ) - [INFO   ] - start evaluating the network in epoch 0
2019-06-28 14:58:48.691 - TicTacToeTrain (57  ) - [INFO   ] - white score rate after 0 epochs: 0.0
2019-06-28 14:58:48.693 - TicTacToeTrain (60  ) - [INFO   ] - black score rate after 0 epochs: 0.0
2019-06-28 15:00:14.480 - root           (46  ) - [DEBUG  ] - logger successfully initialized
2019-06-28 15:00:14.482 - TicTacToeTrain (55  ) - [INFO   ] - start evaluating the network in epoch 0
2019-06-28 15:00:14.485 - TicTacToeTrain (57  ) - [INFO   ] - white score rate after 0 epochs: 1.0
2019-06-28 15:00:14.487 - TicTacToeTrain (60  ) - [INFO   ] - black score rate after 0 epochs: 0.0
2019-06-28 15:02:21.520 - root           (46  ) - [DEBUG  ] - logger successfully initialized
2019-06-28 15:02:21.522 - TicTacToeTrain (55  ) - [INFO   ] - start evaluating the network in epoch 0
2019-06-28 15:02:21.525 - TicTacToeTrain (57  ) - [INFO   ] - white score rate after 0 epochs: 0.5
2019-06-28 15:02:21.527 - TicTacToeTrain (60  ) - [INFO   ] - black score rate after 0 epochs: 0.5
2019-06-28 15:05:31.131 - root           (46  ) - [DEBUG  ] - logger successfully initialized
2019-06-28 15:05:31.133 - TicTacToeTrain (55  ) - [INFO   ] - start evaluating the network in epoch 0
2019-06-28 15:05:31.136 - TicTacToeTrain (57  ) - [INFO   ] - white score rate after 0 epochs: 0.0
2019-06-28 15:05:31.137 - TicTacToeTrain (60  ) - [INFO   ] - black score rate after 0 epochs: 1.0
2019-06-28 15:08:33.303 - root           (46  ) - [DEBUG  ] - logger successfully initialized
2019-06-28 15:08:33.304 - TicTacToeTrain (55  ) - [INFO   ] - start evaluating the network in epoch 0
2019-06-28 15:08:33.307 - TicTacToeTrain (57  ) - [INFO   ] - white score rate after 0 epochs: 1.0
2019-06-28 15:08:33.308 - TicTacToeTrain (60  ) - [INFO   ] - black score rate after 0 epochs: 0.0
2019-06-28 15:08:44.266 - TicTacToeTrain (55  ) - [INFO   ] - start evaluating the network in epoch 10
2019-06-28 15:08:44.268 - TicTacToeTrain (57  ) - [INFO   ] - white score rate after 10 epochs: 1.0
2019-06-28 15:08:44.269 - TicTacToeTrain (60  ) - [INFO   ] - black score rate after 10 epochs: 0.0
2019-06-28 15:15:13.823 - root           (46  ) - [DEBUG  ] - logger successfully initialized
2019-06-28 15:15:13.823 - TicTacToeTrain (55  ) - [INFO   ] - start evaluating the network in epoch 0
2019-06-28 15:15:13.825 - TicTacToeTrain (57  ) - [INFO   ] - white score rate after 0 epochs: 0.0
2019-06-28 15:15:13.827 - TicTacToeTrain (60  ) - [INFO   ] - black score rate after 0 epochs: 0.0
2019-06-28 15:15:25.085 - TicTacToeTrain (55  ) - [INFO   ] - start evaluating the network in epoch 10
2019-06-28 15:15:25.087 - TicTacToeTrain (57  ) - [INFO   ] - white score rate after 10 epochs: 0.5
2019-06-28 15:15:25.088 - TicTacToeTrain (60  ) - [INFO   ] - black score rate after 10 epochs: 0.0
2019-06-28 15:15:45.490 - root           (46  ) - [DEBUG  ] - logger successfully initialized
2019-06-28 15:15:45.491 - TicTacToeTrain (55  ) - [INFO   ] - start evaluating the network in epoch 0
2019-06-28 15:15:45.493 - TicTacToeTrain (57  ) - [INFO   ] - white score rate after 0 epochs: 1.0
2019-06-28 15:15:45.494 - TicTacToeTrain (60  ) - [INFO   ] - black score rate after 0 epochs: 1.0
2019-06-28 15:15:55.195 - TicTacToeTrain (55  ) - [INFO   ] - start evaluating the network in epoch 10
2019-06-28 15:15:55.196 - TicTacToeTrain (57  ) - [INFO   ] - white score rate after 10 epochs: 0.0
2019-06-28 15:15:55.198 - TicTacToeTrain (60  ) - [INFO   ] - black score rate after 10 epochs: 0.0
2019-06-28 15:16:13.285 - TicTacToeTrain (55  ) - [INFO   ] - start evaluating the network in epoch 20
2019-06-28 15:16:13.286 - TicTacToeTrain (57  ) - [INFO   ] - white score rate after 20 epochs: 0.5
2019-06-28 15:16:13.287 - TicTacToeTrain (60  ) - [INFO   ] - black score rate after 20 epochs: 0.0
2019-06-28 15:16:32.140 - TicTacToeTrain (55  ) - [INFO   ] - start evaluating the network in epoch 30
2019-06-28 15:16:32.141 - TicTacToeTrain (57  ) - [INFO   ] - white score rate after 30 epochs: 1.0
2019-06-28 15:16:32.142 - TicTacToeTrain (60  ) - [INFO   ] - black score rate after 30 epochs: 1.0
2019-06-28 15:16:51.234 - TicTacToeTrain (55  ) - [INFO   ] - start evaluating the network in epoch 40
2019-06-28 15:16:51.235 - TicTacToeTrain (57  ) - [INFO   ] - white score rate after 40 epochs: 0.0
2019-06-28 15:16:51.236 - TicTacToeTrain (60  ) - [INFO   ] - black score rate after 40 epochs: 0.0
2019-06-28 15:17:23.297 - root           (46  ) - [DEBUG  ] - logger successfully initialized
2019-06-28 15:17:23.298 - TicTacToeTrain (55  ) - [INFO   ] - start evaluating the network in epoch 0
2019-06-28 15:17:24.474 - TicTacToeTrain (57  ) - [INFO   ] - white score rate after 0 epochs: 0.658
2019-06-28 15:17:25.417 - TicTacToeTrain (60  ) - [INFO   ] - black score rate after 0 epochs: 0.204
2019-06-28 15:17:35.597 - TicTacToeTrain (55  ) - [INFO   ] - start evaluating the network in epoch 10
2019-06-28 15:17:36.639 - TicTacToeTrain (57  ) - [INFO   ] - white score rate after 10 epochs: 0.7215
2019-06-28 15:17:37.573 - TicTacToeTrain (60  ) - [INFO   ] - black score rate after 10 epochs: 0.2575
2019-06-28 15:17:55.023 - TicTacToeTrain (55  ) - [INFO   ] - start evaluating the network in epoch 20
2019-06-28 15:17:56.105 - TicTacToeTrain (57  ) - [INFO   ] - white score rate after 20 epochs: 0.5985
2019-06-28 15:17:57.046 - TicTacToeTrain (60  ) - [INFO   ] - black score rate after 20 epochs: 0.352
2019-06-28 15:18:15.995 - TicTacToeTrain (55  ) - [INFO   ] - start evaluating the network in epoch 30
2019-06-28 15:18:17.071 - TicTacToeTrain (57  ) - [INFO   ] - white score rate after 30 epochs: 0.655
2019-06-28 15:18:17.992 - TicTacToeTrain (60  ) - [INFO   ] - black score rate after 30 epochs: 0.366
2019-06-28 15:18:36.797 - TicTacToeTrain (55  ) - [INFO   ] - start evaluating the network in epoch 40
2019-06-28 15:18:37.774 - TicTacToeTrain (57  ) - [INFO   ] - white score rate after 40 epochs: 0.778
2019-06-28 15:18:38.705 - TicTacToeTrain (60  ) - [INFO   ] - black score rate after 40 epochs: 0.428
2019-06-28 15:18:57.387 - TicTacToeTrain (55  ) - [INFO   ] - start evaluating the network in epoch 50
2019-06-28 15:18:58.329 - TicTacToeTrain (57  ) - [INFO   ] - white score rate after 50 epochs: 0.787
2019-06-28 15:18:59.280 - TicTacToeTrain (60  ) - [INFO   ] - black score rate after 50 epochs: 0.3945
2019-06-28 15:19:18.366 - TicTacToeTrain (55  ) - [INFO   ] - start evaluating the network in epoch 60
2019-06-28 15:19:19.345 - TicTacToeTrain (57  ) - [INFO   ] - white score rate after 60 epochs: 0.7905
2019-06-28 15:19:20.325 - TicTacToeTrain (60  ) - [INFO   ] - black score rate after 60 epochs: 0.3865
2019-06-28 15:19:39.585 - TicTacToeTrain (55  ) - [INFO   ] - start evaluating the network in epoch 70
2019-06-28 15:19:40.696 - TicTacToeTrain (57  ) - [INFO   ] - white score rate after 70 epochs: 0.67
2019-06-28 15:19:41.690 - TicTacToeTrain (60  ) - [INFO   ] - black score rate after 70 epochs: 0.3585
2019-06-28 15:20:00.093 - TicTacToeTrain (55  ) - [INFO   ] - start evaluating the network in epoch 80
2019-06-28 15:20:01.134 - TicTacToeTrain (57  ) - [INFO   ] - white score rate after 80 epochs: 0.6535
2019-06-28 15:20:02.118 - TicTacToeTrain (60  ) - [INFO   ] - black score rate after 80 epochs: 0.4165
2019-06-28 15:20:21.040 - TicTacToeTrain (55  ) - [INFO   ] - start evaluating the network in epoch 90
2019-06-28 15:20:22.156 - TicTacToeTrain (57  ) - [INFO   ] - white score rate after 90 epochs: 0.3805
2019-06-28 15:20:23.095 - TicTacToeTrain (60  ) - [INFO   ] - black score rate after 90 epochs: 0.432
2019-06-28 15:20:42.507 - TicTacToeTrain (55  ) - [INFO   ] - start evaluating the network in epoch 100
2019-06-28 15:20:43.646 - TicTacToeTrain (57  ) - [INFO   ] - white score rate after 100 epochs: 0.5145
2019-06-28 15:20:44.623 - TicTacToeTrain (60  ) - [INFO   ] - black score rate after 100 epochs: 0.377
2019-06-28 15:21:03.735 - TicTacToeTrain (55  ) - [INFO   ] - start evaluating the network in epoch 110
2019-06-28 15:21:04.852 - TicTacToeTrain (57  ) - [INFO   ] - white score rate after 110 epochs: 0.744
2019-06-28 15:21:05.801 - TicTacToeTrain (60  ) - [INFO   ] - black score rate after 110 epochs: 0.337
2019-06-28 15:21:25.062 - TicTacToeTrain (55  ) - [INFO   ] - start evaluating the network in epoch 120
2019-06-28 15:21:26.033 - TicTacToeTrain (57  ) - [INFO   ] - white score rate after 120 epochs: 0.8355
2019-06-28 15:21:26.972 - TicTacToeTrain (60  ) - [INFO   ] - black score rate after 120 epochs: 0.3285
2019-06-28 15:21:46.034 - TicTacToeTrain (55  ) - [INFO   ] - start evaluating the network in epoch 130
2019-06-28 15:21:47.108 - TicTacToeTrain (57  ) - [INFO   ] - white score rate after 130 epochs: 0.728
2019-06-28 15:21:48.043 - TicTacToeTrain (60  ) - [INFO   ] - black score rate after 130 epochs: 0.299
2019-06-28 15:22:07.113 - TicTacToeTrain (55  ) - [INFO   ] - start evaluating the network in epoch 140
2019-06-28 15:22:08.189 - TicTacToeTrain (57  ) - [INFO   ] - white score rate after 140 epochs: 0.7585
2019-06-28 15:22:09.140 - TicTacToeTrain (60  ) - [INFO   ] - black score rate after 140 epochs: 0.302
2019-06-28 15:22:28.059 - TicTacToeTrain (55  ) - [INFO   ] - start evaluating the network in epoch 150
2019-06-28 15:22:29.099 - TicTacToeTrain (57  ) - [INFO   ] - white score rate after 150 epochs: 0.734
2019-06-28 15:22:30.046 - TicTacToeTrain (60  ) - [INFO   ] - black score rate after 150 epochs: 0.3195
2019-06-28 15:22:48.907 - TicTacToeTrain (55  ) - [INFO   ] - start evaluating the network in epoch 160
2019-06-28 15:22:49.946 - TicTacToeTrain (57  ) - [INFO   ] - white score rate after 160 epochs: 0.779
2019-06-28 15:22:50.871 - TicTacToeTrain (60  ) - [INFO   ] - black score rate after 160 epochs: 0.34
2019-06-28 15:23:09.559 - TicTacToeTrain (55  ) - [INFO   ] - start evaluating the network in epoch 170
2019-06-28 15:23:10.575 - TicTacToeTrain (57  ) - [INFO   ] - white score rate after 170 epochs: 0.74
2019-06-28 15:23:11.503 - TicTacToeTrain (60  ) - [INFO   ] - black score rate after 170 epochs: 0.3345
2019-06-28 15:23:30.341 - TicTacToeTrain (55  ) - [INFO   ] - start evaluating the network in epoch 180
2019-06-28 15:23:31.379 - TicTacToeTrain (57  ) - [INFO   ] - white score rate after 180 epochs: 0.737
2019-06-28 15:23:32.307 - TicTacToeTrain (60  ) - [INFO   ] - black score rate after 180 epochs: 0.3965
2019-06-28 15:23:51.153 - TicTacToeTrain (55  ) - [INFO   ] - start evaluating the network in epoch 190
2019-06-28 15:23:52.157 - TicTacToeTrain (57  ) - [INFO   ] - white score rate after 190 epochs: 0.786
2019-06-28 15:23:53.076 - TicTacToeTrain (60  ) - [INFO   ] - black score rate after 190 epochs: 0.383
2019-06-28 15:24:12.000 - TicTacToeTrain (55  ) - [INFO   ] - start evaluating the network in epoch 200
2019-06-28 15:24:12.926 - TicTacToeTrain (57  ) - [INFO   ] - white score rate after 200 epochs: 0.88
2019-06-28 15:24:13.831 - TicTacToeTrain (60  ) - [INFO   ] - black score rate after 200 epochs: 0.4005
2019-06-28 15:24:32.339 - TicTacToeTrain (55  ) - [INFO   ] - start evaluating the network in epoch 210
2019-06-28 15:24:33.360 - TicTacToeTrain (57  ) - [INFO   ] - white score rate after 210 epochs: 0.801
2019-06-28 15:24:34.270 - TicTacToeTrain (60  ) - [INFO   ] - black score rate after 210 epochs: 0.366
2019-06-28 15:24:53.050 - TicTacToeTrain (55  ) - [INFO   ] - start evaluating the network in epoch 220
2019-06-28 15:24:54.036 - TicTacToeTrain (57  ) - [INFO   ] - white score rate after 220 epochs: 0.7985
2019-06-28 15:24:54.985 - TicTacToeTrain (60  ) - [INFO   ] - black score rate after 220 epochs: 0.384
2019-06-28 15:25:14.068 - TicTacToeTrain (55  ) - [INFO   ] - start evaluating the network in epoch 230
2019-06-28 15:25:15.017 - TicTacToeTrain (57  ) - [INFO   ] - white score rate after 230 epochs: 0.797
2019-06-28 15:25:15.948 - TicTacToeTrain (60  ) - [INFO   ] - black score rate after 230 epochs: 0.3645
2019-06-28 15:25:34.934 - TicTacToeTrain (55  ) - [INFO   ] - start evaluating the network in epoch 240
2019-06-28 15:25:35.832 - TicTacToeTrain (57  ) - [INFO   ] - white score rate after 240 epochs: 0.8855
2019-06-28 15:25:36.785 - TicTacToeTrain (60  ) - [INFO   ] - black score rate after 240 epochs: 0.4185
2019-06-28 15:25:55.309 - TicTacToeTrain (55  ) - [INFO   ] - start evaluating the network in epoch 250
2019-06-28 15:25:56.244 - TicTacToeTrain (57  ) - [INFO   ] - white score rate after 250 epochs: 0.8495
2019-06-28 15:25:57.195 - TicTacToeTrain (60  ) - [INFO   ] - black score rate after 250 epochs: 0.377
2019-06-28 15:26:15.800 - TicTacToeTrain (55  ) - [INFO   ] - start evaluating the network in epoch 260
2019-06-28 15:26:16.744 - TicTacToeTrain (57  ) - [INFO   ] - white score rate after 260 epochs: 0.863
2019-06-28 15:26:17.703 - TicTacToeTrain (60  ) - [INFO   ] - black score rate after 260 epochs: 0.4265
2019-06-28 15:26:36.546 - TicTacToeTrain (55  ) - [INFO   ] - start evaluating the network in epoch 270
2019-06-28 15:26:37.489 - TicTacToeTrain (57  ) - [INFO   ] - white score rate after 270 epochs: 0.869
2019-06-28 15:26:38.410 - TicTacToeTrain (60  ) - [INFO   ] - black score rate after 270 epochs: 0.3985
2019-06-28 15:26:56.799 - TicTacToeTrain (55  ) - [INFO   ] - start evaluating the network in epoch 280
2019-06-28 15:26:57.734 - TicTacToeTrain (57  ) - [INFO   ] - white score rate after 280 epochs: 0.874
2019-06-28 15:26:58.629 - TicTacToeTrain (60  ) - [INFO   ] - black score rate after 280 epochs: 0.4245
2019-06-28 15:27:17.335 - TicTacToeTrain (55  ) - [INFO   ] - start evaluating the network in epoch 290
2019-06-28 15:27:18.232 - TicTacToeTrain (57  ) - [INFO   ] - white score rate after 290 epochs: 0.895
2019-06-28 15:27:19.157 - TicTacToeTrain (60  ) - [INFO   ] - black score rate after 290 epochs: 0.4175
2019-06-28 15:27:37.966 - TicTacToeTrain (55  ) - [INFO   ] - start evaluating the network in epoch 300
2019-06-28 15:27:38.894 - TicTacToeTrain (57  ) - [INFO   ] - white score rate after 300 epochs: 0.872
2019-06-28 15:27:39.831 - TicTacToeTrain (60  ) - [INFO   ] - black score rate after 300 epochs: 0.404
2019-06-28 15:27:58.771 - TicTacToeTrain (55  ) - [INFO   ] - start evaluating the network in epoch 310
2019-06-28 15:27:59.814 - TicTacToeTrain (57  ) - [INFO   ] - white score rate after 310 epochs: 0.8445
2019-06-28 15:28:00.744 - TicTacToeTrain (60  ) - [INFO   ] - black score rate after 310 epochs: 0.3915
2019-06-28 15:28:19.866 - TicTacToeTrain (55  ) - [INFO   ] - start evaluating the network in epoch 320
2019-06-28 15:28:20.901 - TicTacToeTrain (57  ) - [INFO   ] - white score rate after 320 epochs: 0.8435
2019-06-28 15:28:21.835 - TicTacToeTrain (60  ) - [INFO   ] - black score rate after 320 epochs: 0.3425
2019-06-28 15:28:41.082 - TicTacToeTrain (55  ) - [INFO   ] - start evaluating the network in epoch 330
2019-06-28 15:28:42.138 - TicTacToeTrain (57  ) - [INFO   ] - white score rate after 330 epochs: 0.8505
2019-06-28 15:28:43.084 - TicTacToeTrain (60  ) - [INFO   ] - black score rate after 330 epochs: 0.346
2019-06-28 15:29:02.280 - TicTacToeTrain (55  ) - [INFO   ] - start evaluating the network in epoch 340
2019-06-28 15:29:03.346 - TicTacToeTrain (57  ) - [INFO   ] - white score rate after 340 epochs: 0.834
2019-06-28 15:29:04.284 - TicTacToeTrain (60  ) - [INFO   ] - black score rate after 340 epochs: 0.383
2019-06-28 15:29:23.313 - TicTacToeTrain (55  ) - [INFO   ] - start evaluating the network in epoch 350
2019-06-28 15:29:24.388 - TicTacToeTrain (57  ) - [INFO   ] - white score rate after 350 epochs: 0.8385
2019-06-28 15:29:25.319 - TicTacToeTrain (60  ) - [INFO   ] - black score rate after 350 epochs: 0.3975
2019-06-28 15:29:43.915 - TicTacToeTrain (55  ) - [INFO   ] - start evaluating the network in epoch 360
2019-06-28 15:29:44.835 - TicTacToeTrain (57  ) - [INFO   ] - white score rate after 360 epochs: 0.895
2019-06-28 15:29:45.773 - TicTacToeTrain (60  ) - [INFO   ] - black score rate after 360 epochs: 0.406
2019-06-28 15:30:04.205 - TicTacToeTrain (55  ) - [INFO   ] - start evaluating the network in epoch 370
2019-06-28 15:30:05.141 - TicTacToeTrain (57  ) - [INFO   ] - white score rate after 370 epochs: 0.8815
2019-06-28 15:30:06.089 - TicTacToeTrain (60  ) - [INFO   ] - black score rate after 370 epochs: 0.424
2019-06-28 15:30:24.890 - TicTacToeTrain (55  ) - [INFO   ] - start evaluating the network in epoch 380
2019-06-28 15:30:25.840 - TicTacToeTrain (57  ) - [INFO   ] - white score rate after 380 epochs: 0.8085
2019-06-28 15:30:26.770 - TicTacToeTrain (60  ) - [INFO   ] - black score rate after 380 epochs: 0.4395
2019-06-28 15:30:45.512 - TicTacToeTrain (55  ) - [INFO   ] - start evaluating the network in epoch 390
2019-06-28 15:30:46.479 - TicTacToeTrain (57  ) - [INFO   ] - white score rate after 390 epochs: 0.8225
2019-06-28 15:30:47.390 - TicTacToeTrain (60  ) - [INFO   ] - black score rate after 390 epochs: 0.4495
2019-06-28 15:31:05.997 - TicTacToeTrain (55  ) - [INFO   ] - start evaluating the network in epoch 400
2019-06-28 15:31:06.910 - TicTacToeTrain (57  ) - [INFO   ] - white score rate after 400 epochs: 0.888
2019-06-28 15:31:07.807 - TicTacToeTrain (60  ) - [INFO   ] - black score rate after 400 epochs: 0.563
2019-06-28 15:31:26.532 - TicTacToeTrain (55  ) - [INFO   ] - start evaluating the network in epoch 410
2019-06-28 15:31:27.462 - TicTacToeTrain (57  ) - [INFO   ] - white score rate after 410 epochs: 0.879
2019-06-28 15:31:28.369 - TicTacToeTrain (60  ) - [INFO   ] - black score rate after 410 epochs: 0.5645
2019-06-28 15:31:47.223 - TicTacToeTrain (55  ) - [INFO   ] - start evaluating the network in epoch 420
2019-06-28 15:31:48.155 - TicTacToeTrain (57  ) - [INFO   ] - white score rate after 420 epochs: 0.858
2019-06-28 15:31:49.051 - TicTacToeTrain (60  ) - [INFO   ] - black score rate after 420 epochs: 0.4855
2019-06-28 15:32:07.618 - TicTacToeTrain (55  ) - [INFO   ] - start evaluating the network in epoch 430
2019-06-28 15:32:08.554 - TicTacToeTrain (57  ) - [INFO   ] - white score rate after 430 epochs: 0.8695
2019-06-28 15:32:09.451 - TicTacToeTrain (60  ) - [INFO   ] - black score rate after 430 epochs: 0.5305
2019-06-28 15:32:28.208 - TicTacToeTrain (55  ) - [INFO   ] - start evaluating the network in epoch 440
2019-06-28 15:32:29.143 - TicTacToeTrain (57  ) - [INFO   ] - white score rate after 440 epochs: 0.888
2019-06-28 15:32:30.042 - TicTacToeTrain (60  ) - [INFO   ] - black score rate after 440 epochs: 0.5435
2019-06-28 15:32:49.014 - TicTacToeTrain (55  ) - [INFO   ] - start evaluating the network in epoch 450
2019-06-28 15:32:49.956 - TicTacToeTrain (57  ) - [INFO   ] - white score rate after 450 epochs: 0.8665
2019-06-28 15:32:50.850 - TicTacToeTrain (60  ) - [INFO   ] - black score rate after 450 epochs: 0.5345
2019-06-28 15:33:09.435 - TicTacToeTrain (55  ) - [INFO   ] - start evaluating the network in epoch 460
2019-06-28 15:33:10.370 - TicTacToeTrain (57  ) - [INFO   ] - white score rate after 460 epochs: 0.863
2019-06-28 15:33:11.280 - TicTacToeTrain (60  ) - [INFO   ] - black score rate after 460 epochs: 0.518
2019-06-28 15:33:30.518 - TicTacToeTrain (55  ) - [INFO   ] - start evaluating the network in epoch 470
2019-06-28 15:33:31.440 - TicTacToeTrain (57  ) - [INFO   ] - white score rate after 470 epochs: 0.851
2019-06-28 15:33:32.315 - TicTacToeTrain (60  ) - [INFO   ] - black score rate after 470 epochs: 0.507
2019-06-28 15:33:50.959 - TicTacToeTrain (55  ) - [INFO   ] - start evaluating the network in epoch 480
2019-06-28 15:33:51.889 - TicTacToeTrain (57  ) - [INFO   ] - white score rate after 480 epochs: 0.8595
2019-06-28 15:33:52.775 - TicTacToeTrain (60  ) - [INFO   ] - black score rate after 480 epochs: 0.488
2019-06-28 15:34:11.462 - TicTacToeTrain (55  ) - [INFO   ] - start evaluating the network in epoch 490
2019-06-28 15:34:12.375 - TicTacToeTrain (57  ) - [INFO   ] - white score rate after 490 epochs: 0.8995
2019-06-28 15:34:13.266 - TicTacToeTrain (60  ) - [INFO   ] - black score rate after 490 epochs: 0.4925
2019-06-28 15:34:31.707 - TicTacToeTrain (55  ) - [INFO   ] - start evaluating the network in epoch 500
2019-06-28 15:34:32.648 - TicTacToeTrain (57  ) - [INFO   ] - white score rate after 500 epochs: 0.896
2019-06-28 15:34:33.547 - TicTacToeTrain (60  ) - [INFO   ] - black score rate after 500 epochs: 0.54
2019-06-28 15:34:52.237 - TicTacToeTrain (55  ) - [INFO   ] - start evaluating the network in epoch 510
2019-06-28 15:34:53.164 - TicTacToeTrain (57  ) - [INFO   ] - white score rate after 510 epochs: 0.8485
2019-06-28 15:34:54.047 - TicTacToeTrain (60  ) - [INFO   ] - black score rate after 510 epochs: 0.5835
2019-06-28 15:35:12.903 - TicTacToeTrain (55  ) - [INFO   ] - start evaluating the network in epoch 520
2019-06-28 15:35:13.870 - TicTacToeTrain (57  ) - [INFO   ] - white score rate after 520 epochs: 0.8475
2019-06-28 15:35:14.758 - TicTacToeTrain (60  ) - [INFO   ] - black score rate after 520 epochs: 0.5895
2019-06-28 15:35:34.140 - TicTacToeTrain (55  ) - [INFO   ] - start evaluating the network in epoch 530
2019-06-28 15:35:35.142 - TicTacToeTrain (57  ) - [INFO   ] - white score rate after 530 epochs: 0.878
2019-06-28 15:35:36.039 - TicTacToeTrain (60  ) - [INFO   ] - black score rate after 530 epochs: 0.578
2019-06-28 15:35:54.646 - TicTacToeTrain (55  ) - [INFO   ] - start evaluating the network in epoch 540
2019-06-28 15:35:55.599 - TicTacToeTrain (57  ) - [INFO   ] - white score rate after 540 epochs: 0.877
2019-06-28 15:35:56.489 - TicTacToeTrain (60  ) - [INFO   ] - black score rate after 540 epochs: 0.605
2019-06-28 15:36:15.365 - TicTacToeTrain (55  ) - [INFO   ] - start evaluating the network in epoch 550
2019-06-28 15:36:16.349 - TicTacToeTrain (57  ) - [INFO   ] - white score rate after 550 epochs: 0.883
2019-06-28 15:36:17.225 - TicTacToeTrain (60  ) - [INFO   ] - black score rate after 550 epochs: 0.601
2019-06-28 15:36:36.249 - TicTacToeTrain (55  ) - [INFO   ] - start evaluating the network in epoch 560
2019-06-28 15:36:37.215 - TicTacToeTrain (57  ) - [INFO   ] - white score rate after 560 epochs: 0.8685
2019-06-28 15:36:38.094 - TicTacToeTrain (60  ) - [INFO   ] - black score rate after 560 epochs: 0.6305
2019-06-28 15:36:56.936 - TicTacToeTrain (55  ) - [INFO   ] - start evaluating the network in epoch 570
2019-06-28 15:36:57.921 - TicTacToeTrain (57  ) - [INFO   ] - white score rate after 570 epochs: 0.8925
2019-06-28 15:36:58.804 - TicTacToeTrain (60  ) - [INFO   ] - black score rate after 570 epochs: 0.6285
2019-06-28 15:37:17.495 - TicTacToeTrain (55  ) - [INFO   ] - start evaluating the network in epoch 580
2019-06-28 15:37:18.496 - TicTacToeTrain (57  ) - [INFO   ] - white score rate after 580 epochs: 0.8875
2019-06-28 15:37:19.391 - TicTacToeTrain (60  ) - [INFO   ] - black score rate after 580 epochs: 0.562
2019-06-28 15:37:38.050 - TicTacToeTrain (55  ) - [INFO   ] - start evaluating the network in epoch 590
2019-06-28 15:37:39.049 - TicTacToeTrain (57  ) - [INFO   ] - white score rate after 590 epochs: 0.8835
2019-06-28 15:37:39.933 - TicTacToeTrain (60  ) - [INFO   ] - black score rate after 590 epochs: 0.5965
2019-06-28 15:37:58.401 - TicTacToeTrain (55  ) - [INFO   ] - start evaluating the network in epoch 600
2019-06-28 15:37:59.408 - TicTacToeTrain (57  ) - [INFO   ] - white score rate after 600 epochs: 0.919
2019-06-28 15:38:00.271 - TicTacToeTrain (60  ) - [INFO   ] - black score rate after 600 epochs: 0.6515
2019-06-28 15:38:19.049 - TicTacToeTrain (55  ) - [INFO   ] - start evaluating the network in epoch 610
2019-06-28 15:38:20.042 - TicTacToeTrain (57  ) - [INFO   ] - white score rate after 610 epochs: 0.91
2019-06-28 15:38:20.942 - TicTacToeTrain (60  ) - [INFO   ] - black score rate after 610 epochs: 0.6395
2019-06-28 15:38:39.862 - TicTacToeTrain (55  ) - [INFO   ] - start evaluating the network in epoch 620
2019-06-28 15:38:40.830 - TicTacToeTrain (57  ) - [INFO   ] - white score rate after 620 epochs: 0.9125
2019-06-28 15:38:41.739 - TicTacToeTrain (60  ) - [INFO   ] - black score rate after 620 epochs: 0.5515
2019-06-28 15:39:00.659 - TicTacToeTrain (55  ) - [INFO   ] - start evaluating the network in epoch 630
2019-06-28 15:39:01.660 - TicTacToeTrain (57  ) - [INFO   ] - white score rate after 630 epochs: 0.905
2019-06-28 15:39:02.551 - TicTacToeTrain (60  ) - [INFO   ] - black score rate after 630 epochs: 0.62
2019-06-28 15:39:20.976 - TicTacToeTrain (55  ) - [INFO   ] - start evaluating the network in epoch 640
2019-06-28 15:39:21.945 - TicTacToeTrain (57  ) - [INFO   ] - white score rate after 640 epochs: 0.9295
2019-06-28 15:39:22.828 - TicTacToeTrain (60  ) - [INFO   ] - black score rate after 640 epochs: 0.5365
2019-06-28 15:39:41.550 - TicTacToeTrain (55  ) - [INFO   ] - start evaluating the network in epoch 650
2019-06-28 15:39:42.521 - TicTacToeTrain (57  ) - [INFO   ] - white score rate after 650 epochs: 0.9275
2019-06-28 15:39:43.417 - TicTacToeTrain (60  ) - [INFO   ] - black score rate after 650 epochs: 0.54
2019-06-28 15:40:01.850 - TicTacToeTrain (55  ) - [INFO   ] - start evaluating the network in epoch 660
2019-06-28 15:40:02.806 - TicTacToeTrain (57  ) - [INFO   ] - white score rate after 660 epochs: 0.9315
2019-06-28 15:40:03.695 - TicTacToeTrain (60  ) - [INFO   ] - black score rate after 660 epochs: 0.56
2019-06-28 15:40:22.395 - TicTacToeTrain (55  ) - [INFO   ] - start evaluating the network in epoch 670
2019-06-28 15:40:23.333 - TicTacToeTrain (57  ) - [INFO   ] - white score rate after 670 epochs: 0.898
2019-06-28 15:40:24.227 - TicTacToeTrain (60  ) - [INFO   ] - black score rate after 670 epochs: 0.567
2019-06-28 15:40:43.095 - TicTacToeTrain (55  ) - [INFO   ] - start evaluating the network in epoch 680
2019-06-28 15:40:44.053 - TicTacToeTrain (57  ) - [INFO   ] - white score rate after 680 epochs: 0.915
2019-06-28 15:40:44.958 - TicTacToeTrain (60  ) - [INFO   ] - black score rate after 680 epochs: 0.506
2019-06-28 15:41:03.463 - TicTacToeTrain (55  ) - [INFO   ] - start evaluating the network in epoch 690
2019-06-28 15:41:04.456 - TicTacToeTrain (57  ) - [INFO   ] - white score rate after 690 epochs: 0.8195
2019-06-28 15:41:05.364 - TicTacToeTrain (60  ) - [INFO   ] - black score rate after 690 epochs: 0.5475
2019-06-28 15:41:23.908 - TicTacToeTrain (55  ) - [INFO   ] - start evaluating the network in epoch 700
2019-06-28 15:41:24.863 - TicTacToeTrain (57  ) - [INFO   ] - white score rate after 700 epochs: 0.856
2019-06-28 15:41:25.754 - TicTacToeTrain (60  ) - [INFO   ] - black score rate after 700 epochs: 0.55
2019-06-28 15:41:44.513 - TicTacToeTrain (55  ) - [INFO   ] - start evaluating the network in epoch 710
2019-06-28 15:41:45.491 - TicTacToeTrain (57  ) - [INFO   ] - white score rate after 710 epochs: 0.751
2019-06-28 15:41:46.368 - TicTacToeTrain (60  ) - [INFO   ] - black score rate after 710 epochs: 0.5485
2019-06-28 15:42:04.843 - TicTacToeTrain (55  ) - [INFO   ] - start evaluating the network in epoch 720
2019-06-28 15:42:05.794 - TicTacToeTrain (57  ) - [INFO   ] - white score rate after 720 epochs: 0.79
2019-06-28 15:42:06.680 - TicTacToeTrain (60  ) - [INFO   ] - black score rate after 720 epochs: 0.499
2019-06-28 15:42:25.187 - TicTacToeTrain (55  ) - [INFO   ] - start evaluating the network in epoch 730
2019-06-28 15:42:26.141 - TicTacToeTrain (57  ) - [INFO   ] - white score rate after 730 epochs: 0.81
2019-06-28 15:42:27.034 - TicTacToeTrain (60  ) - [INFO   ] - black score rate after 730 epochs: 0.4785
2019-06-28 15:42:45.655 - TicTacToeTrain (55  ) - [INFO   ] - start evaluating the network in epoch 740
2019-06-28 15:42:46.591 - TicTacToeTrain (57  ) - [INFO   ] - white score rate after 740 epochs: 0.8255
2019-06-28 15:42:47.480 - TicTacToeTrain (60  ) - [INFO   ] - black score rate after 740 epochs: 0.4945
2019-06-28 15:43:06.766 - TicTacToeTrain (55  ) - [INFO   ] - start evaluating the network in epoch 750
2019-06-28 15:43:07.722 - TicTacToeTrain (57  ) - [INFO   ] - white score rate after 750 epochs: 0.944
2019-06-28 15:43:08.588 - TicTacToeTrain (60  ) - [INFO   ] - black score rate after 750 epochs: 0.4765
2019-06-28 15:43:26.946 - TicTacToeTrain (55  ) - [INFO   ] - start evaluating the network in epoch 760
2019-06-28 15:43:27.884 - TicTacToeTrain (57  ) - [INFO   ] - white score rate after 760 epochs: 0.9035
2019-06-28 15:43:28.774 - TicTacToeTrain (60  ) - [INFO   ] - black score rate after 760 epochs: 0.515
2019-06-28 15:43:47.274 - TicTacToeTrain (55  ) - [INFO   ] - start evaluating the network in epoch 770
2019-06-28 15:43:48.227 - TicTacToeTrain (57  ) - [INFO   ] - white score rate after 770 epochs: 0.8575
2019-06-28 15:43:49.115 - TicTacToeTrain (60  ) - [INFO   ] - black score rate after 770 epochs: 0.5495
2019-06-28 15:44:08.116 - TicTacToeTrain (55  ) - [INFO   ] - start evaluating the network in epoch 780
2019-06-28 15:44:09.053 - TicTacToeTrain (57  ) - [INFO   ] - white score rate after 780 epochs: 0.877
2019-06-28 15:44:09.957 - TicTacToeTrain (60  ) - [INFO   ] - black score rate after 780 epochs: 0.5865
2019-06-28 15:44:28.375 - TicTacToeTrain (55  ) - [INFO   ] - start evaluating the network in epoch 790
2019-06-28 15:44:29.312 - TicTacToeTrain (57  ) - [INFO   ] - white score rate after 790 epochs: 0.8825
2019-06-28 15:44:30.193 - TicTacToeTrain (60  ) - [INFO   ] - black score rate after 790 epochs: 0.5695
2019-06-28 15:44:49.266 - TicTacToeTrain (55  ) - [INFO   ] - start evaluating the network in epoch 800
2019-06-28 15:44:50.206 - TicTacToeTrain (57  ) - [INFO   ] - white score rate after 800 epochs: 0.877
2019-06-28 15:44:51.111 - TicTacToeTrain (60  ) - [INFO   ] - black score rate after 800 epochs: 0.5875
2019-06-28 15:45:09.984 - TicTacToeTrain (55  ) - [INFO   ] - start evaluating the network in epoch 810
2019-06-28 15:45:10.938 - TicTacToeTrain (57  ) - [INFO   ] - white score rate after 810 epochs: 0.9215
2019-06-28 15:45:11.837 - TicTacToeTrain (60  ) - [INFO   ] - black score rate after 810 epochs: 0.5675
2019-06-28 15:45:30.842 - TicTacToeTrain (55  ) - [INFO   ] - start evaluating the network in epoch 820
2019-06-28 15:45:31.781 - TicTacToeTrain (57  ) - [INFO   ] - white score rate after 820 epochs: 0.894
2019-06-28 15:45:32.663 - TicTacToeTrain (60  ) - [INFO   ] - black score rate after 820 epochs: 0.5945
2019-06-28 15:45:51.436 - TicTacToeTrain (55  ) - [INFO   ] - start evaluating the network in epoch 830
2019-06-28 15:45:52.364 - TicTacToeTrain (57  ) - [INFO   ] - white score rate after 830 epochs: 0.895
2019-06-28 15:45:53.246 - TicTacToeTrain (60  ) - [INFO   ] - black score rate after 830 epochs: 0.595
2019-06-28 15:46:11.825 - TicTacToeTrain (55  ) - [INFO   ] - start evaluating the network in epoch 840
2019-06-28 15:46:12.785 - TicTacToeTrain (57  ) - [INFO   ] - white score rate after 840 epochs: 0.9005
2019-06-28 15:46:13.682 - TicTacToeTrain (60  ) - [INFO   ] - black score rate after 840 epochs: 0.6385
2019-06-28 15:46:32.726 - TicTacToeTrain (55  ) - [INFO   ] - start evaluating the network in epoch 850
2019-06-28 15:46:33.661 - TicTacToeTrain (57  ) - [INFO   ] - white score rate after 850 epochs: 0.9205
2019-06-28 15:46:34.563 - TicTacToeTrain (60  ) - [INFO   ] - black score rate after 850 epochs: 0.612
2019-06-28 15:46:53.152 - TicTacToeTrain (55  ) - [INFO   ] - start evaluating the network in epoch 860
2019-06-28 15:46:54.097 - TicTacToeTrain (57  ) - [INFO   ] - white score rate after 860 epochs: 0.8795
2019-06-28 15:46:54.983 - TicTacToeTrain (60  ) - [INFO   ] - black score rate after 860 epochs: 0.6405
2019-06-28 15:47:13.712 - TicTacToeTrain (55  ) - [INFO   ] - start evaluating the network in epoch 870
2019-06-28 15:47:14.670 - TicTacToeTrain (57  ) - [INFO   ] - white score rate after 870 epochs: 0.913
2019-06-28 15:47:15.565 - TicTacToeTrain (60  ) - [INFO   ] - black score rate after 870 epochs: 0.598
2019-06-28 15:47:34.389 - TicTacToeTrain (55  ) - [INFO   ] - start evaluating the network in epoch 880
2019-06-28 15:47:35.352 - TicTacToeTrain (57  ) - [INFO   ] - white score rate after 880 epochs: 0.9255
2019-06-28 15:47:36.258 - TicTacToeTrain (60  ) - [INFO   ] - black score rate after 880 epochs: 0.5865
2019-06-28 15:47:55.281 - TicTacToeTrain (55  ) - [INFO   ] - start evaluating the network in epoch 890
2019-06-28 15:47:56.221 - TicTacToeTrain (57  ) - [INFO   ] - white score rate after 890 epochs: 0.919
2019-06-28 15:47:57.112 - TicTacToeTrain (60  ) - [INFO   ] - black score rate after 890 epochs: 0.5565
2019-06-28 15:48:15.983 - TicTacToeTrain (55  ) - [INFO   ] - start evaluating the network in epoch 900
2019-06-28 15:48:16.926 - TicTacToeTrain (57  ) - [INFO   ] - white score rate after 900 epochs: 0.928
2019-06-28 15:48:17.801 - TicTacToeTrain (60  ) - [INFO   ] - black score rate after 900 epochs: 0.578
2019-06-28 15:48:36.778 - TicTacToeTrain (55  ) - [INFO   ] - start evaluating the network in epoch 910
2019-06-28 15:48:37.733 - TicTacToeTrain (57  ) - [INFO   ] - white score rate after 910 epochs: 0.905
2019-06-28 15:48:38.635 - TicTacToeTrain (60  ) - [INFO   ] - black score rate after 910 epochs: 0.5765
2019-06-28 15:48:57.162 - TicTacToeTrain (55  ) - [INFO   ] - start evaluating the network in epoch 920
2019-06-28 15:48:58.131 - TicTacToeTrain (57  ) - [INFO   ] - white score rate after 920 epochs: 0.899
2019-06-28 15:48:59.029 - TicTacToeTrain (60  ) - [INFO   ] - black score rate after 920 epochs: 0.592
2019-06-28 15:49:18.086 - TicTacToeTrain (55  ) - [INFO   ] - start evaluating the network in epoch 930
2019-06-28 15:49:19.029 - TicTacToeTrain (57  ) - [INFO   ] - white score rate after 930 epochs: 0.9195
2019-06-28 15:49:19.919 - TicTacToeTrain (60  ) - [INFO   ] - black score rate after 930 epochs: 0.583
2019-06-28 15:49:38.908 - TicTacToeTrain (55  ) - [INFO   ] - start evaluating the network in epoch 940
2019-06-28 15:49:39.865 - TicTacToeTrain (57  ) - [INFO   ] - white score rate after 940 epochs: 0.9195
2019-06-28 15:49:40.757 - TicTacToeTrain (60  ) - [INFO   ] - black score rate after 940 epochs: 0.5835
2019-06-28 15:49:59.531 - TicTacToeTrain (55  ) - [INFO   ] - start evaluating the network in epoch 950
2019-06-28 15:50:00.487 - TicTacToeTrain (57  ) - [INFO   ] - white score rate after 950 epochs: 0.927
2019-06-28 15:50:01.379 - TicTacToeTrain (60  ) - [INFO   ] - black score rate after 950 epochs: 0.5865
2019-06-28 15:50:19.956 - TicTacToeTrain (55  ) - [INFO   ] - start evaluating the network in epoch 960
2019-06-28 15:50:20.949 - TicTacToeTrain (57  ) - [INFO   ] - white score rate after 960 epochs: 0.8585
2019-06-28 15:50:21.846 - TicTacToeTrain (60  ) - [INFO   ] - black score rate after 960 epochs: 0.572
2019-06-28 15:50:40.998 - TicTacToeTrain (55  ) - [INFO   ] - start evaluating the network in epoch 970
2019-06-28 15:50:41.995 - TicTacToeTrain (57  ) - [INFO   ] - white score rate after 970 epochs: 0.8825
2019-06-28 15:50:42.891 - TicTacToeTrain (60  ) - [INFO   ] - black score rate after 970 epochs: 0.525
2019-06-28 15:51:01.481 - TicTacToeTrain (55  ) - [INFO   ] - start evaluating the network in epoch 980
2019-06-28 15:51:02.440 - TicTacToeTrain (57  ) - [INFO   ] - white score rate after 980 epochs: 0.894
2019-06-28 15:51:03.331 - TicTacToeTrain (60  ) - [INFO   ] - black score rate after 980 epochs: 0.5995
2019-06-28 15:51:22.214 - TicTacToeTrain (55  ) - [INFO   ] - start evaluating the network in epoch 990
2019-06-28 15:51:23.220 - TicTacToeTrain (57  ) - [INFO   ] - white score rate after 990 epochs: 0.886
2019-06-28 15:51:24.120 - TicTacToeTrain (60  ) - [INFO   ] - black score rate after 990 epochs: 0.5975
2019-06-28 15:51:43.212 - TicTacToeTrain (85  ) - [INFO   ] - elapsed time whole training process 2059.914288520813 for 100000 episodes
2019-06-28 15:51:43.446 - matplotlib.axes._base(2515) - [DEBUG  ] - update_title_pos
2019-06-28 15:51:43.455 - matplotlib.font_manager(1254) - [DEBUG  ] - findfont: Matching :family=sans-serif:style=normal:variant=normal:weight=normal:stretch=normal:size=10.0 to DejaVu Sans ('C:\\Users\\Roy Morphy\\AppData\\Local\\Programs\\Python\\Python37\\lib\\site-packages\\matplotlib\\mpl-data\\fonts\\ttf\\DejaVuSans.ttf') with score of 0.050000.
2019-06-28 15:51:43.480 - matplotlib.font_manager(1254) - [DEBUG  ] - findfont: Matching :family=sans-serif:style=normal:variant=normal:weight=normal:stretch=normal:size=12.0 to DejaVu Sans ('C:\\Users\\Roy Morphy\\AppData\\Local\\Programs\\Python\\Python37\\lib\\site-packages\\matplotlib\\mpl-data\\fonts\\ttf\\DejaVuSans.ttf') with score of 0.050000.
2019-06-28 15:51:43.492 - matplotlib.axes._base(2515) - [DEBUG  ] - update_title_pos
2019-06-28 15:59:25.418 - matplotlib.axes._base(2515) - [DEBUG  ] - update_title_pos
2019-06-28 15:59:25.460 - matplotlib.axes._base(2515) - [DEBUG  ] - update_title_pos
2019-06-28 16:28:51.342 - root           (46  ) - [DEBUG  ] - logger successfully initialized
2019-06-28 16:28:51.343 - TicTacToeTrain (55  ) - [INFO   ] - start evaluating the network in epoch 0
2019-06-28 16:28:52.315 - TicTacToeTrain (57  ) - [INFO   ] - white score rate after 0 epochs: 0.7805
2019-06-28 16:28:53.220 - TicTacToeTrain (60  ) - [INFO   ] - black score rate after 0 epochs: 0.2485
2019-06-28 16:29:03.174 - TicTacToeTrain (55  ) - [INFO   ] - start evaluating the network in epoch 10
2019-06-28 16:53:37.411 - root           (46  ) - [DEBUG  ] - logger successfully initialized
2019-06-28 16:53:37.413 - TicTacToeTrain (55  ) - [INFO   ] - start evaluating the network in epoch 0
2019-06-28 16:53:38.877 - TicTacToeTrain (57  ) - [INFO   ] - white score rate after 0 epochs: 0.582
2019-06-28 16:53:40.114 - TicTacToeTrain (60  ) - [INFO   ] - black score rate after 0 epochs: 0.426
2019-06-28 17:08:41.079 - root           (46  ) - [DEBUG  ] - logger successfully initialized
2019-06-28 17:08:41.080 - TicTacToeTrain (55  ) - [INFO   ] - start evaluating the network in epoch 0
2019-06-28 17:08:42.193 - TicTacToeTrain (57  ) - [INFO   ] - white score rate after 0 epochs: 0.4865
2019-06-28 17:08:43.093 - TicTacToeTrain (60  ) - [INFO   ] - black score rate after 0 epochs: 0.4085
2019-06-28 17:08:54.231 - TicTacToeTrain (55  ) - [INFO   ] - start evaluating the network in epoch 10
2019-06-28 17:08:55.378 - TicTacToeTrain (57  ) - [INFO   ] - white score rate after 10 epochs: 0.5015
2019-06-28 17:08:56.248 - TicTacToeTrain (60  ) - [INFO   ] - black score rate after 10 epochs: 0.4565
2019-06-28 17:09:14.542 - TicTacToeTrain (55  ) - [INFO   ] - start evaluating the network in epoch 20
2019-06-28 17:09:15.678 - TicTacToeTrain (57  ) - [INFO   ] - white score rate after 20 epochs: 0.491
2019-06-28 17:09:16.542 - TicTacToeTrain (60  ) - [INFO   ] - black score rate after 20 epochs: 0.4295
