2019-06-05 21:21:14.070 - root           (46  ) - [DEBUG  ] - logger successfully initialized
2019-06-05 21:21:35.437 - root           (46  ) - [DEBUG  ] - logger successfully initialized
2019-06-05 21:21:35.468 - TicTacToeTrain (55  ) - [INFO   ] - start evaluating the network in epoch 0
2019-06-05 21:21:53.602 - root           (46  ) - [DEBUG  ] - logger successfully initialized
2019-06-05 21:21:53.603 - TicTacToeTrain (55  ) - [INFO   ] - start evaluating the network in epoch 0
2019-06-05 21:21:54.875 - TicTacToeTrain (57  ) - [INFO   ] - white score rate after 0 epochs: 0.7225
2019-06-05 21:21:55.932 - TicTacToeTrain (60  ) - [INFO   ] - black score rate after 0 epochs: 0.3545
2019-06-05 21:22:11.273 - root           (46  ) - [DEBUG  ] - logger successfully initialized
2019-06-05 21:22:11.274 - TicTacToeTrain (55  ) - [INFO   ] - start evaluating the network in epoch 0
2019-06-05 21:22:12.633 - TicTacToeTrain (57  ) - [INFO   ] - white score rate after 0 epochs: 0.6835
2019-06-05 21:22:13.679 - TicTacToeTrain (60  ) - [INFO   ] - black score rate after 0 epochs: 0.275
2019-06-05 21:22:43.791 - root           (46  ) - [DEBUG  ] - logger successfully initialized
2019-06-05 21:22:43.793 - TicTacToeTrain (55  ) - [INFO   ] - start evaluating the network in epoch 0
2019-06-05 21:22:45.091 - TicTacToeTrain (57  ) - [INFO   ] - white score rate after 0 epochs: 0.481
2019-06-05 21:22:46.118 - TicTacToeTrain (60  ) - [INFO   ] - black score rate after 0 epochs: 0.215
2019-06-05 21:23:02.603 - root           (46  ) - [DEBUG  ] - logger successfully initialized
2019-06-05 21:23:02.604 - TicTacToeTrain (55  ) - [INFO   ] - start evaluating the network in epoch 0
2019-06-05 21:23:03.862 - TicTacToeTrain (57  ) - [INFO   ] - white score rate after 0 epochs: 0.5685
2019-06-05 21:23:04.908 - TicTacToeTrain (60  ) - [INFO   ] - black score rate after 0 epochs: 0.252
2019-06-05 21:23:27.920 - root           (46  ) - [DEBUG  ] - logger successfully initialized
2019-06-05 21:23:27.921 - TicTacToeTrain (55  ) - [INFO   ] - start evaluating the network in epoch 0
2019-06-05 21:23:29.174 - TicTacToeTrain (57  ) - [INFO   ] - white score rate after 0 epochs: 0.6325
2019-06-05 21:23:30.194 - TicTacToeTrain (60  ) - [INFO   ] - black score rate after 0 epochs: 0.323
2019-06-05 21:23:43.249 - root           (46  ) - [DEBUG  ] - logger successfully initialized
2019-06-05 21:23:43.250 - TicTacToeTrain (55  ) - [INFO   ] - start evaluating the network in epoch 0
2019-06-05 21:23:44.577 - TicTacToeTrain (57  ) - [INFO   ] - white score rate after 0 epochs: 0.6335
2019-06-05 21:23:45.581 - TicTacToeTrain (60  ) - [INFO   ] - black score rate after 0 epochs: 0.2975
2019-06-05 21:23:52.128 - root           (46  ) - [DEBUG  ] - logger successfully initialized
2019-06-05 21:23:52.129 - TicTacToeTrain (55  ) - [INFO   ] - start evaluating the network in epoch 0
2019-06-05 21:23:53.361 - TicTacToeTrain (57  ) - [INFO   ] - white score rate after 0 epochs: 0.6195
2019-06-05 21:23:54.402 - TicTacToeTrain (60  ) - [INFO   ] - black score rate after 0 epochs: 0.1995
2019-06-05 21:24:01.459 - TicTacToeTrain (55  ) - [INFO   ] - start evaluating the network in epoch 10
2019-06-05 21:24:02.608 - TicTacToeTrain (57  ) - [INFO   ] - white score rate after 10 epochs: 0.899
2019-06-05 21:24:03.650 - TicTacToeTrain (60  ) - [INFO   ] - black score rate after 10 epochs: 0.3975
2019-06-05 21:24:33.461 - root           (46  ) - [DEBUG  ] - logger successfully initialized
2019-06-05 21:24:33.462 - TicTacToeTrain (55  ) - [INFO   ] - start evaluating the network in epoch 0
2019-06-05 21:24:34.703 - TicTacToeTrain (57  ) - [INFO   ] - white score rate after 0 epochs: 0.8065
2019-06-05 21:24:35.738 - TicTacToeTrain (60  ) - [INFO   ] - black score rate after 0 epochs: 0.257
2019-06-05 21:24:43.132 - TicTacToeTrain (55  ) - [INFO   ] - start evaluating the network in epoch 10
2019-06-05 21:24:44.312 - TicTacToeTrain (57  ) - [INFO   ] - white score rate after 10 epochs: 0.9035
2019-06-05 21:24:45.404 - TicTacToeTrain (60  ) - [INFO   ] - black score rate after 10 epochs: 0.2885
2019-06-05 21:24:57.353 - TicTacToeTrain (55  ) - [INFO   ] - start evaluating the network in epoch 20
2019-06-05 21:24:58.488 - TicTacToeTrain (57  ) - [INFO   ] - white score rate after 20 epochs: 0.886
2019-06-05 21:24:59.558 - TicTacToeTrain (60  ) - [INFO   ] - black score rate after 20 epochs: 0.3545
2019-06-05 21:25:12.006 - TicTacToeTrain (55  ) - [INFO   ] - start evaluating the network in epoch 30
2019-06-05 21:25:13.281 - TicTacToeTrain (57  ) - [INFO   ] - white score rate after 30 epochs: 0.698
2019-06-05 21:25:14.390 - TicTacToeTrain (60  ) - [INFO   ] - black score rate after 30 epochs: 0.351
2019-06-05 21:25:26.845 - TicTacToeTrain (55  ) - [INFO   ] - start evaluating the network in epoch 40
2019-06-05 21:25:28.096 - TicTacToeTrain (57  ) - [INFO   ] - white score rate after 40 epochs: 0.7105
2019-06-05 21:25:29.205 - TicTacToeTrain (60  ) - [INFO   ] - black score rate after 40 epochs: 0.344
2019-06-05 21:25:41.542 - TicTacToeTrain (55  ) - [INFO   ] - start evaluating the network in epoch 50
2019-06-05 21:25:42.774 - TicTacToeTrain (57  ) - [INFO   ] - white score rate after 50 epochs: 0.866
2019-06-05 21:25:43.853 - TicTacToeTrain (60  ) - [INFO   ] - black score rate after 50 epochs: 0.3565
2019-06-05 21:25:56.070 - TicTacToeTrain (55  ) - [INFO   ] - start evaluating the network in epoch 60
2019-06-05 21:25:57.231 - TicTacToeTrain (57  ) - [INFO   ] - white score rate after 60 epochs: 0.89
2019-06-05 21:25:58.302 - TicTacToeTrain (60  ) - [INFO   ] - black score rate after 60 epochs: 0.384
2019-06-05 21:26:10.920 - TicTacToeTrain (55  ) - [INFO   ] - start evaluating the network in epoch 70
2019-06-05 21:26:12.077 - TicTacToeTrain (57  ) - [INFO   ] - white score rate after 70 epochs: 0.907
2019-06-05 21:26:13.154 - TicTacToeTrain (60  ) - [INFO   ] - black score rate after 70 epochs: 0.425
2019-06-05 21:26:25.539 - TicTacToeTrain (55  ) - [INFO   ] - start evaluating the network in epoch 80
2019-06-05 21:26:26.720 - TicTacToeTrain (57  ) - [INFO   ] - white score rate after 80 epochs: 0.8835
2019-06-05 21:26:27.801 - TicTacToeTrain (60  ) - [INFO   ] - black score rate after 80 epochs: 0.443
2019-06-05 21:26:40.053 - TicTacToeTrain (55  ) - [INFO   ] - start evaluating the network in epoch 90
2019-06-05 21:26:41.204 - TicTacToeTrain (57  ) - [INFO   ] - white score rate after 90 epochs: 0.9465
2019-06-05 21:26:42.278 - TicTacToeTrain (60  ) - [INFO   ] - black score rate after 90 epochs: 0.409
2019-06-05 21:26:51.684 - root           (46  ) - [DEBUG  ] - logger successfully initialized
2019-06-05 21:26:51.685 - TicTacToeTrain (55  ) - [INFO   ] - start evaluating the network in epoch 0
2019-06-05 21:26:52.890 - TicTacToeTrain (57  ) - [INFO   ] - white score rate after 0 epochs: 0.778
2019-06-05 21:26:53.937 - TicTacToeTrain (60  ) - [INFO   ] - black score rate after 0 epochs: 0.413
2019-06-05 21:27:01.469 - TicTacToeTrain (55  ) - [INFO   ] - start evaluating the network in epoch 10
2019-06-05 21:27:02.787 - TicTacToeTrain (57  ) - [INFO   ] - white score rate after 10 epochs: 0.781
2019-06-05 21:27:03.832 - TicTacToeTrain (60  ) - [INFO   ] - black score rate after 10 epochs: 0.4155
2019-06-05 21:27:15.984 - TicTacToeTrain (55  ) - [INFO   ] - start evaluating the network in epoch 20
2019-06-05 21:27:17.282 - TicTacToeTrain (57  ) - [INFO   ] - white score rate after 20 epochs: 0.8205
2019-06-05 21:27:18.329 - TicTacToeTrain (60  ) - [INFO   ] - black score rate after 20 epochs: 0.453
2019-06-05 21:27:30.846 - TicTacToeTrain (55  ) - [INFO   ] - start evaluating the network in epoch 30
2019-06-05 21:27:32.062 - TicTacToeTrain (57  ) - [INFO   ] - white score rate after 30 epochs: 0.8475
2019-06-05 21:27:33.114 - TicTacToeTrain (60  ) - [INFO   ] - black score rate after 30 epochs: 0.299
2019-06-05 21:27:45.731 - TicTacToeTrain (55  ) - [INFO   ] - start evaluating the network in epoch 40
2019-06-05 21:27:46.975 - TicTacToeTrain (57  ) - [INFO   ] - white score rate after 40 epochs: 0.739
2019-06-05 21:27:48.020 - TicTacToeTrain (60  ) - [INFO   ] - black score rate after 40 epochs: 0.363
2019-06-05 21:28:00.334 - TicTacToeTrain (55  ) - [INFO   ] - start evaluating the network in epoch 50
2019-06-05 21:28:01.552 - TicTacToeTrain (57  ) - [INFO   ] - white score rate after 50 epochs: 0.723
2019-06-05 21:28:02.609 - TicTacToeTrain (60  ) - [INFO   ] - black score rate after 50 epochs: 0.271
2019-06-05 21:28:14.856 - TicTacToeTrain (55  ) - [INFO   ] - start evaluating the network in epoch 60
2019-06-05 21:28:16.028 - TicTacToeTrain (57  ) - [INFO   ] - white score rate after 60 epochs: 0.7915
2019-06-05 21:28:17.086 - TicTacToeTrain (60  ) - [INFO   ] - black score rate after 60 epochs: 0.3535
2019-06-05 21:28:29.478 - TicTacToeTrain (55  ) - [INFO   ] - start evaluating the network in epoch 70
2019-06-05 21:28:30.745 - TicTacToeTrain (57  ) - [INFO   ] - white score rate after 70 epochs: 0.648
2019-06-05 21:28:31.797 - TicTacToeTrain (60  ) - [INFO   ] - black score rate after 70 epochs: 0.5365
2019-06-05 21:28:44.225 - TicTacToeTrain (55  ) - [INFO   ] - start evaluating the network in epoch 80
2019-06-05 21:28:45.518 - TicTacToeTrain (57  ) - [INFO   ] - white score rate after 80 epochs: 0.6625
2019-06-05 21:28:46.602 - TicTacToeTrain (60  ) - [INFO   ] - black score rate after 80 epochs: 0.479
2019-06-05 21:28:59.098 - TicTacToeTrain (55  ) - [INFO   ] - start evaluating the network in epoch 90
2019-06-05 21:29:00.329 - TicTacToeTrain (57  ) - [INFO   ] - white score rate after 90 epochs: 0.7805
2019-06-05 21:29:01.443 - TicTacToeTrain (60  ) - [INFO   ] - black score rate after 90 epochs: 0.5365
2019-06-05 21:29:13.785 - TicTacToeTrain (85  ) - [INFO   ] - elapsed time whole training process 142.10030794143677 for 10000 episodes
2019-06-05 21:29:14.066 - matplotlib.axes._base(2515) - [DEBUG  ] - update_title_pos
2019-06-05 21:29:14.076 - matplotlib.font_manager(1254) - [DEBUG  ] - findfont: Matching :family=sans-serif:style=normal:variant=normal:weight=normal:stretch=normal:size=10.0 to DejaVu Sans ('C:\\Users\\Roy Morphy\\AppData\\Local\\Programs\\Python\\Python37\\lib\\site-packages\\matplotlib\\mpl-data\\fonts\\ttf\\DejaVuSans.ttf') with score of 0.050000.
2019-06-05 21:29:14.101 - matplotlib.font_manager(1254) - [DEBUG  ] - findfont: Matching :family=sans-serif:style=normal:variant=normal:weight=normal:stretch=normal:size=12.0 to DejaVu Sans ('C:\\Users\\Roy Morphy\\AppData\\Local\\Programs\\Python\\Python37\\lib\\site-packages\\matplotlib\\mpl-data\\fonts\\ttf\\DejaVuSans.ttf') with score of 0.050000.
2019-06-05 21:29:14.112 - matplotlib.axes._base(2515) - [DEBUG  ] - update_title_pos
2019-06-05 21:30:33.214 - root           (46  ) - [DEBUG  ] - logger successfully initialized
2019-06-05 21:30:33.216 - TicTacToeTrain (55  ) - [INFO   ] - start evaluating the network in epoch 0
2019-06-05 21:30:34.489 - TicTacToeTrain (57  ) - [INFO   ] - white score rate after 0 epochs: 0.597
2019-06-05 21:30:35.508 - TicTacToeTrain (60  ) - [INFO   ] - black score rate after 0 epochs: 0.154
2019-06-05 21:30:43.150 - TicTacToeTrain (55  ) - [INFO   ] - start evaluating the network in epoch 10
2019-06-05 21:30:44.412 - TicTacToeTrain (57  ) - [INFO   ] - white score rate after 10 epochs: 0.712
2019-06-05 21:30:45.453 - TicTacToeTrain (60  ) - [INFO   ] - black score rate after 10 epochs: 0.4445
2019-06-05 21:30:57.356 - TicTacToeTrain (55  ) - [INFO   ] - start evaluating the network in epoch 20
2019-06-05 21:30:58.536 - TicTacToeTrain (57  ) - [INFO   ] - white score rate after 20 epochs: 0.7895
2019-06-05 21:30:59.579 - TicTacToeTrain (60  ) - [INFO   ] - black score rate after 20 epochs: 0.474
2019-06-05 21:31:12.177 - TicTacToeTrain (55  ) - [INFO   ] - start evaluating the network in epoch 30
2019-06-05 21:31:13.366 - TicTacToeTrain (57  ) - [INFO   ] - white score rate after 30 epochs: 0.786
2019-06-05 21:31:14.439 - TicTacToeTrain (60  ) - [INFO   ] - black score rate after 30 epochs: 0.4645
2019-06-05 21:31:27.345 - TicTacToeTrain (55  ) - [INFO   ] - start evaluating the network in epoch 40
2019-06-05 21:31:28.527 - TicTacToeTrain (57  ) - [INFO   ] - white score rate after 40 epochs: 0.8035
2019-06-05 21:31:29.624 - TicTacToeTrain (60  ) - [INFO   ] - black score rate after 40 epochs: 0.4425
2019-06-05 21:31:42.437 - TicTacToeTrain (55  ) - [INFO   ] - start evaluating the network in epoch 50
2019-06-05 21:31:43.793 - TicTacToeTrain (57  ) - [INFO   ] - white score rate after 50 epochs: 0.6215
2019-06-05 21:31:44.895 - TicTacToeTrain (60  ) - [INFO   ] - black score rate after 50 epochs: 0.4305
2019-06-05 21:31:57.518 - TicTacToeTrain (55  ) - [INFO   ] - start evaluating the network in epoch 60
2019-06-05 21:31:58.862 - TicTacToeTrain (57  ) - [INFO   ] - white score rate after 60 epochs: 0.786
2019-06-05 21:31:59.961 - TicTacToeTrain (60  ) - [INFO   ] - black score rate after 60 epochs: 0.4235
2019-06-05 21:32:12.513 - TicTacToeTrain (55  ) - [INFO   ] - start evaluating the network in epoch 70
2019-06-05 21:32:13.798 - TicTacToeTrain (57  ) - [INFO   ] - white score rate after 70 epochs: 0.779
2019-06-05 21:32:14.888 - TicTacToeTrain (60  ) - [INFO   ] - black score rate after 70 epochs: 0.421
2019-06-05 21:32:27.697 - TicTacToeTrain (55  ) - [INFO   ] - start evaluating the network in epoch 80
2019-06-05 21:32:28.974 - TicTacToeTrain (57  ) - [INFO   ] - white score rate after 80 epochs: 0.69
2019-06-05 21:32:30.069 - TicTacToeTrain (60  ) - [INFO   ] - black score rate after 80 epochs: 0.4055
2019-06-05 21:32:42.694 - TicTacToeTrain (55  ) - [INFO   ] - start evaluating the network in epoch 90
2019-06-05 21:32:43.969 - TicTacToeTrain (57  ) - [INFO   ] - white score rate after 90 epochs: 0.7735
2019-06-05 21:32:45.017 - TicTacToeTrain (60  ) - [INFO   ] - black score rate after 90 epochs: 0.444
2019-06-05 21:32:57.692 - TicTacToeTrain (55  ) - [INFO   ] - start evaluating the network in epoch 100
2019-06-05 21:32:58.944 - TicTacToeTrain (57  ) - [INFO   ] - white score rate after 100 epochs: 0.8345
2019-06-05 21:33:00.044 - TicTacToeTrain (60  ) - [INFO   ] - black score rate after 100 epochs: 0.5115
2019-06-05 21:33:12.843 - TicTacToeTrain (55  ) - [INFO   ] - start evaluating the network in epoch 110
2019-06-05 21:33:14.103 - TicTacToeTrain (57  ) - [INFO   ] - white score rate after 110 epochs: 0.843
2019-06-05 21:33:15.183 - TicTacToeTrain (60  ) - [INFO   ] - black score rate after 110 epochs: 0.504
2019-06-05 21:33:27.812 - TicTacToeTrain (55  ) - [INFO   ] - start evaluating the network in epoch 120
2019-06-05 21:33:29.038 - TicTacToeTrain (57  ) - [INFO   ] - white score rate after 120 epochs: 0.73
2019-06-05 21:33:30.124 - TicTacToeTrain (60  ) - [INFO   ] - black score rate after 120 epochs: 0.4505
2019-06-05 21:33:42.612 - TicTacToeTrain (55  ) - [INFO   ] - start evaluating the network in epoch 130
2019-06-05 21:33:43.847 - TicTacToeTrain (57  ) - [INFO   ] - white score rate after 130 epochs: 0.8445
2019-06-05 21:33:44.949 - TicTacToeTrain (60  ) - [INFO   ] - black score rate after 130 epochs: 0.4885
2019-06-05 21:33:57.662 - TicTacToeTrain (55  ) - [INFO   ] - start evaluating the network in epoch 140
2019-06-05 21:33:58.907 - TicTacToeTrain (57  ) - [INFO   ] - white score rate after 140 epochs: 0.8415
2019-06-05 21:34:00.011 - TicTacToeTrain (60  ) - [INFO   ] - black score rate after 140 epochs: 0.416
2019-06-05 21:34:12.611 - TicTacToeTrain (55  ) - [INFO   ] - start evaluating the network in epoch 150
2019-06-05 21:34:13.753 - TicTacToeTrain (57  ) - [INFO   ] - white score rate after 150 epochs: 0.8605
2019-06-05 21:34:14.842 - TicTacToeTrain (60  ) - [INFO   ] - black score rate after 150 epochs: 0.4265
2019-06-05 21:34:27.107 - TicTacToeTrain (55  ) - [INFO   ] - start evaluating the network in epoch 160
2019-06-05 21:34:28.207 - TicTacToeTrain (57  ) - [INFO   ] - white score rate after 160 epochs: 0.904
2019-06-05 21:34:29.280 - TicTacToeTrain (60  ) - [INFO   ] - black score rate after 160 epochs: 0.487
2019-06-05 21:34:42.204 - TicTacToeTrain (55  ) - [INFO   ] - start evaluating the network in epoch 170
2019-06-05 21:34:43.305 - TicTacToeTrain (57  ) - [INFO   ] - white score rate after 170 epochs: 0.9385
2019-06-05 21:34:44.395 - TicTacToeTrain (60  ) - [INFO   ] - black score rate after 170 epochs: 0.5105
2019-06-05 21:34:56.903 - TicTacToeTrain (55  ) - [INFO   ] - start evaluating the network in epoch 180
2019-06-05 21:34:58.093 - TicTacToeTrain (57  ) - [INFO   ] - white score rate after 180 epochs: 0.857
2019-06-05 21:34:59.166 - TicTacToeTrain (60  ) - [INFO   ] - black score rate after 180 epochs: 0.54
2019-06-05 21:35:11.734 - TicTacToeTrain (55  ) - [INFO   ] - start evaluating the network in epoch 190
2019-06-05 21:35:12.887 - TicTacToeTrain (57  ) - [INFO   ] - white score rate after 190 epochs: 0.9365
2019-06-05 21:35:13.983 - TicTacToeTrain (60  ) - [INFO   ] - black score rate after 190 epochs: 0.5615
2019-06-05 21:35:26.689 - TicTacToeTrain (55  ) - [INFO   ] - start evaluating the network in epoch 200
2019-06-05 21:35:27.899 - TicTacToeTrain (57  ) - [INFO   ] - white score rate after 200 epochs: 0.8875
2019-06-05 21:35:28.995 - TicTacToeTrain (60  ) - [INFO   ] - black score rate after 200 epochs: 0.5445
2019-06-05 21:35:41.229 - TicTacToeTrain (55  ) - [INFO   ] - start evaluating the network in epoch 210
2019-06-05 21:35:42.365 - TicTacToeTrain (57  ) - [INFO   ] - white score rate after 210 epochs: 0.8895
2019-06-05 21:35:43.469 - TicTacToeTrain (60  ) - [INFO   ] - black score rate after 210 epochs: 0.5755
2019-06-05 21:35:56.296 - TicTacToeTrain (55  ) - [INFO   ] - start evaluating the network in epoch 220
2019-06-05 21:35:57.421 - TicTacToeTrain (57  ) - [INFO   ] - white score rate after 220 epochs: 0.869
2019-06-05 21:35:58.482 - TicTacToeTrain (60  ) - [INFO   ] - black score rate after 220 epochs: 0.5875
2019-06-05 21:36:10.976 - TicTacToeTrain (55  ) - [INFO   ] - start evaluating the network in epoch 230
2019-06-05 21:36:12.093 - TicTacToeTrain (57  ) - [INFO   ] - white score rate after 230 epochs: 0.883
2019-06-05 21:36:13.170 - TicTacToeTrain (60  ) - [INFO   ] - black score rate after 230 epochs: 0.584
2019-06-05 21:36:25.989 - TicTacToeTrain (55  ) - [INFO   ] - start evaluating the network in epoch 240
2019-06-05 21:36:27.205 - TicTacToeTrain (57  ) - [INFO   ] - white score rate after 240 epochs: 0.858
2019-06-05 21:36:28.287 - TicTacToeTrain (60  ) - [INFO   ] - black score rate after 240 epochs: 0.5695
2019-06-05 21:36:40.775 - TicTacToeTrain (55  ) - [INFO   ] - start evaluating the network in epoch 250
2019-06-05 21:36:42.036 - TicTacToeTrain (57  ) - [INFO   ] - white score rate after 250 epochs: 0.7995
2019-06-05 21:36:43.134 - TicTacToeTrain (60  ) - [INFO   ] - black score rate after 250 epochs: 0.619
2019-06-05 21:36:55.786 - TicTacToeTrain (55  ) - [INFO   ] - start evaluating the network in epoch 260
2019-06-05 21:36:56.983 - TicTacToeTrain (57  ) - [INFO   ] - white score rate after 260 epochs: 0.903
2019-06-05 21:36:58.075 - TicTacToeTrain (60  ) - [INFO   ] - black score rate after 260 epochs: 0.6475
2019-06-05 21:37:10.537 - TicTacToeTrain (55  ) - [INFO   ] - start evaluating the network in epoch 270
2019-06-05 21:37:11.725 - TicTacToeTrain (57  ) - [INFO   ] - white score rate after 270 epochs: 0.8925
2019-06-05 21:37:12.832 - TicTacToeTrain (60  ) - [INFO   ] - black score rate after 270 epochs: 0.6
2019-06-05 21:37:25.663 - TicTacToeTrain (55  ) - [INFO   ] - start evaluating the network in epoch 280
2019-06-05 21:37:26.874 - TicTacToeTrain (57  ) - [INFO   ] - white score rate after 280 epochs: 0.858
2019-06-05 21:37:27.968 - TicTacToeTrain (60  ) - [INFO   ] - black score rate after 280 epochs: 0.599
2019-06-05 21:37:40.437 - TicTacToeTrain (55  ) - [INFO   ] - start evaluating the network in epoch 290
2019-06-05 21:37:41.624 - TicTacToeTrain (57  ) - [INFO   ] - white score rate after 290 epochs: 0.9205
2019-06-05 21:37:42.694 - TicTacToeTrain (60  ) - [INFO   ] - black score rate after 290 epochs: 0.589
2019-06-05 21:37:55.529 - TicTacToeTrain (55  ) - [INFO   ] - start evaluating the network in epoch 300
2019-06-05 21:37:56.772 - TicTacToeTrain (57  ) - [INFO   ] - white score rate after 300 epochs: 0.8565
2019-06-05 21:37:57.859 - TicTacToeTrain (60  ) - [INFO   ] - black score rate after 300 epochs: 0.5975
2019-06-05 21:38:10.556 - TicTacToeTrain (55  ) - [INFO   ] - start evaluating the network in epoch 310
2019-06-05 21:38:11.736 - TicTacToeTrain (57  ) - [INFO   ] - white score rate after 310 epochs: 0.94
2019-06-05 21:38:12.820 - TicTacToeTrain (60  ) - [INFO   ] - black score rate after 310 epochs: 0.615
2019-06-05 21:38:25.467 - TicTacToeTrain (55  ) - [INFO   ] - start evaluating the network in epoch 320
2019-06-05 21:38:26.576 - TicTacToeTrain (57  ) - [INFO   ] - white score rate after 320 epochs: 0.9265
2019-06-05 21:38:27.668 - TicTacToeTrain (60  ) - [INFO   ] - black score rate after 320 epochs: 0.5715
2019-06-05 21:38:40.035 - TicTacToeTrain (55  ) - [INFO   ] - start evaluating the network in epoch 330
2019-06-05 21:38:41.221 - TicTacToeTrain (57  ) - [INFO   ] - white score rate after 330 epochs: 0.9375
2019-06-05 21:38:42.282 - TicTacToeTrain (60  ) - [INFO   ] - black score rate after 330 epochs: 0.612
2019-06-05 21:38:54.852 - TicTacToeTrain (55  ) - [INFO   ] - start evaluating the network in epoch 340
2019-06-05 21:38:56.017 - TicTacToeTrain (57  ) - [INFO   ] - white score rate after 340 epochs: 0.9425
2019-06-05 21:38:57.076 - TicTacToeTrain (60  ) - [INFO   ] - black score rate after 340 epochs: 0.654
2019-06-05 21:39:09.734 - TicTacToeTrain (55  ) - [INFO   ] - start evaluating the network in epoch 350
2019-06-05 21:39:10.933 - TicTacToeTrain (57  ) - [INFO   ] - white score rate after 350 epochs: 0.956
2019-06-05 21:39:12.007 - TicTacToeTrain (60  ) - [INFO   ] - black score rate after 350 epochs: 0.6375
2019-06-05 21:39:24.593 - TicTacToeTrain (55  ) - [INFO   ] - start evaluating the network in epoch 360
2019-06-05 21:39:25.766 - TicTacToeTrain (57  ) - [INFO   ] - white score rate after 360 epochs: 0.945
2019-06-05 21:39:26.821 - TicTacToeTrain (60  ) - [INFO   ] - black score rate after 360 epochs: 0.631
2019-06-05 21:39:39.557 - TicTacToeTrain (55  ) - [INFO   ] - start evaluating the network in epoch 370
2019-06-05 21:39:40.755 - TicTacToeTrain (57  ) - [INFO   ] - white score rate after 370 epochs: 0.9425
2019-06-05 21:39:41.823 - TicTacToeTrain (60  ) - [INFO   ] - black score rate after 370 epochs: 0.601
2019-06-05 21:39:54.542 - TicTacToeTrain (55  ) - [INFO   ] - start evaluating the network in epoch 380
2019-06-05 21:39:55.721 - TicTacToeTrain (57  ) - [INFO   ] - white score rate after 380 epochs: 0.9515
2019-06-05 21:39:56.791 - TicTacToeTrain (60  ) - [INFO   ] - black score rate after 380 epochs: 0.604
2019-06-05 21:40:09.206 - TicTacToeTrain (55  ) - [INFO   ] - start evaluating the network in epoch 390
2019-06-05 21:40:10.351 - TicTacToeTrain (57  ) - [INFO   ] - white score rate after 390 epochs: 0.956
2019-06-05 21:40:11.428 - TicTacToeTrain (60  ) - [INFO   ] - black score rate after 390 epochs: 0.6575
2019-06-05 21:40:24.042 - TicTacToeTrain (55  ) - [INFO   ] - start evaluating the network in epoch 400
2019-06-05 21:40:25.220 - TicTacToeTrain (57  ) - [INFO   ] - white score rate after 400 epochs: 0.9535
2019-06-05 21:40:26.299 - TicTacToeTrain (60  ) - [INFO   ] - black score rate after 400 epochs: 0.647
2019-06-05 21:40:39.008 - TicTacToeTrain (55  ) - [INFO   ] - start evaluating the network in epoch 410
2019-06-05 21:40:40.121 - TicTacToeTrain (57  ) - [INFO   ] - white score rate after 410 epochs: 0.943
2019-06-05 21:40:41.194 - TicTacToeTrain (60  ) - [INFO   ] - black score rate after 410 epochs: 0.702
2019-06-05 21:40:53.785 - TicTacToeTrain (55  ) - [INFO   ] - start evaluating the network in epoch 420
2019-06-05 21:40:54.998 - TicTacToeTrain (57  ) - [INFO   ] - white score rate after 420 epochs: 0.8265
2019-06-05 21:40:56.089 - TicTacToeTrain (60  ) - [INFO   ] - black score rate after 420 epochs: 0.6755
2019-06-05 21:41:08.715 - TicTacToeTrain (55  ) - [INFO   ] - start evaluating the network in epoch 430
2019-06-05 21:41:09.814 - TicTacToeTrain (57  ) - [INFO   ] - white score rate after 430 epochs: 0.9875
2019-06-05 21:41:10.908 - TicTacToeTrain (60  ) - [INFO   ] - black score rate after 430 epochs: 0.5535
2019-06-05 21:41:23.509 - TicTacToeTrain (55  ) - [INFO   ] - start evaluating the network in epoch 440
2019-06-05 21:41:24.679 - TicTacToeTrain (57  ) - [INFO   ] - white score rate after 440 epochs: 0.951
2019-06-05 21:41:25.757 - TicTacToeTrain (60  ) - [INFO   ] - black score rate after 440 epochs: 0.553
2019-06-05 21:41:38.365 - TicTacToeTrain (55  ) - [INFO   ] - start evaluating the network in epoch 450
2019-06-05 21:41:39.543 - TicTacToeTrain (57  ) - [INFO   ] - white score rate after 450 epochs: 0.9575
2019-06-05 21:41:40.624 - TicTacToeTrain (60  ) - [INFO   ] - black score rate after 450 epochs: 0.551
2019-06-05 21:41:53.080 - TicTacToeTrain (55  ) - [INFO   ] - start evaluating the network in epoch 460
2019-06-05 21:41:54.223 - TicTacToeTrain (57  ) - [INFO   ] - white score rate after 460 epochs: 0.9445
2019-06-05 21:41:55.289 - TicTacToeTrain (60  ) - [INFO   ] - black score rate after 460 epochs: 0.6055
2019-06-05 21:42:08.077 - TicTacToeTrain (55  ) - [INFO   ] - start evaluating the network in epoch 470
2019-06-05 21:42:09.280 - TicTacToeTrain (57  ) - [INFO   ] - white score rate after 470 epochs: 0.8665
2019-06-05 21:42:10.375 - TicTacToeTrain (60  ) - [INFO   ] - black score rate after 470 epochs: 0.6165
2019-06-05 21:42:23.069 - TicTacToeTrain (55  ) - [INFO   ] - start evaluating the network in epoch 480
2019-06-05 21:42:24.304 - TicTacToeTrain (57  ) - [INFO   ] - white score rate after 480 epochs: 0.772
2019-06-05 21:42:25.400 - TicTacToeTrain (60  ) - [INFO   ] - black score rate after 480 epochs: 0.6165
2019-06-05 21:42:37.970 - TicTacToeTrain (55  ) - [INFO   ] - start evaluating the network in epoch 490
2019-06-05 21:42:39.146 - TicTacToeTrain (57  ) - [INFO   ] - white score rate after 490 epochs: 0.963
2019-06-05 21:42:40.246 - TicTacToeTrain (60  ) - [INFO   ] - black score rate after 490 epochs: 0.7
2019-06-05 21:42:52.843 - TicTacToeTrain (55  ) - [INFO   ] - start evaluating the network in epoch 500
2019-06-05 21:42:53.950 - TicTacToeTrain (57  ) - [INFO   ] - white score rate after 500 epochs: 0.959
2019-06-05 21:42:55.010 - TicTacToeTrain (60  ) - [INFO   ] - black score rate after 500 epochs: 0.7025
2019-06-05 21:43:07.791 - TicTacToeTrain (55  ) - [INFO   ] - start evaluating the network in epoch 510
2019-06-05 21:43:08.959 - TicTacToeTrain (57  ) - [INFO   ] - white score rate after 510 epochs: 0.988
2019-06-05 21:43:10.034 - TicTacToeTrain (60  ) - [INFO   ] - black score rate after 510 epochs: 0.6905
2019-06-05 21:43:22.792 - TicTacToeTrain (55  ) - [INFO   ] - start evaluating the network in epoch 520
2019-06-05 21:43:23.967 - TicTacToeTrain (57  ) - [INFO   ] - white score rate after 520 epochs: 0.957
2019-06-05 21:43:25.054 - TicTacToeTrain (60  ) - [INFO   ] - black score rate after 520 epochs: 0.7095
2019-06-05 21:43:37.732 - TicTacToeTrain (55  ) - [INFO   ] - start evaluating the network in epoch 530
2019-06-05 21:43:39.001 - TicTacToeTrain (57  ) - [INFO   ] - white score rate after 530 epochs: 0.883
2019-06-05 21:43:40.077 - TicTacToeTrain (60  ) - [INFO   ] - black score rate after 530 epochs: 0.6975
2019-06-05 21:43:52.739 - TicTacToeTrain (55  ) - [INFO   ] - start evaluating the network in epoch 540
2019-06-05 21:43:54.008 - TicTacToeTrain (57  ) - [INFO   ] - white score rate after 540 epochs: 0.893
2019-06-05 21:43:55.079 - TicTacToeTrain (60  ) - [INFO   ] - black score rate after 540 epochs: 0.639
2019-06-05 21:44:07.516 - TicTacToeTrain (55  ) - [INFO   ] - start evaluating the network in epoch 550
2019-06-05 21:44:08.694 - TicTacToeTrain (57  ) - [INFO   ] - white score rate after 550 epochs: 0.9715
2019-06-05 21:44:09.766 - TicTacToeTrain (60  ) - [INFO   ] - black score rate after 550 epochs: 0.722
2019-06-05 21:44:22.650 - TicTacToeTrain (55  ) - [INFO   ] - start evaluating the network in epoch 560
2019-06-05 21:44:23.761 - TicTacToeTrain (57  ) - [INFO   ] - white score rate after 560 epochs: 0.9755
2019-06-05 21:44:24.839 - TicTacToeTrain (60  ) - [INFO   ] - black score rate after 560 epochs: 0.7015
2019-06-05 21:44:37.645 - TicTacToeTrain (55  ) - [INFO   ] - start evaluating the network in epoch 570
2019-06-05 21:44:38.902 - TicTacToeTrain (57  ) - [INFO   ] - white score rate after 570 epochs: 0.8585
2019-06-05 21:44:39.991 - TicTacToeTrain (60  ) - [INFO   ] - black score rate after 570 epochs: 0.7245
2019-06-05 21:44:52.712 - TicTacToeTrain (55  ) - [INFO   ] - start evaluating the network in epoch 580
2019-06-05 21:44:53.873 - TicTacToeTrain (57  ) - [INFO   ] - white score rate after 580 epochs: 0.9735
2019-06-05 21:44:54.984 - TicTacToeTrain (60  ) - [INFO   ] - black score rate after 580 epochs: 0.6615
2019-06-05 21:45:07.706 - TicTacToeTrain (55  ) - [INFO   ] - start evaluating the network in epoch 590
2019-06-05 21:45:08.880 - TicTacToeTrain (57  ) - [INFO   ] - white score rate after 590 epochs: 0.9635
2019-06-05 21:45:10.015 - TicTacToeTrain (60  ) - [INFO   ] - black score rate after 590 epochs: 0.7035
2019-06-05 21:45:22.704 - TicTacToeTrain (55  ) - [INFO   ] - start evaluating the network in epoch 600
2019-06-05 21:45:23.852 - TicTacToeTrain (57  ) - [INFO   ] - white score rate after 600 epochs: 0.984
2019-06-05 21:45:24.960 - TicTacToeTrain (60  ) - [INFO   ] - black score rate after 600 epochs: 0.707
2019-06-05 21:45:37.574 - TicTacToeTrain (55  ) - [INFO   ] - start evaluating the network in epoch 610
2019-06-05 21:45:38.722 - TicTacToeTrain (57  ) - [INFO   ] - white score rate after 610 epochs: 0.9485
2019-06-05 21:45:39.817 - TicTacToeTrain (60  ) - [INFO   ] - black score rate after 610 epochs: 0.7015
2019-06-05 21:45:52.530 - TicTacToeTrain (55  ) - [INFO   ] - start evaluating the network in epoch 620
2019-06-05 21:45:53.662 - TicTacToeTrain (57  ) - [INFO   ] - white score rate after 620 epochs: 0.983
2019-06-05 21:45:54.749 - TicTacToeTrain (60  ) - [INFO   ] - black score rate after 620 epochs: 0.695
2019-06-05 21:46:07.489 - TicTacToeTrain (55  ) - [INFO   ] - start evaluating the network in epoch 630
2019-06-05 21:46:08.622 - TicTacToeTrain (57  ) - [INFO   ] - white score rate after 630 epochs: 0.985
2019-06-05 21:46:09.720 - TicTacToeTrain (60  ) - [INFO   ] - black score rate after 630 epochs: 0.6875
2019-06-05 21:46:22.472 - TicTacToeTrain (55  ) - [INFO   ] - start evaluating the network in epoch 640
2019-06-05 21:46:23.584 - TicTacToeTrain (57  ) - [INFO   ] - white score rate after 640 epochs: 0.9935
2019-06-05 21:46:24.690 - TicTacToeTrain (60  ) - [INFO   ] - black score rate after 640 epochs: 0.6845
2019-06-05 21:46:37.420 - TicTacToeTrain (55  ) - [INFO   ] - start evaluating the network in epoch 650
2019-06-05 21:46:38.566 - TicTacToeTrain (57  ) - [INFO   ] - white score rate after 650 epochs: 0.968
2019-06-05 21:46:39.675 - TicTacToeTrain (60  ) - [INFO   ] - black score rate after 650 epochs: 0.664
2019-06-05 21:46:52.374 - TicTacToeTrain (55  ) - [INFO   ] - start evaluating the network in epoch 660
2019-06-05 21:46:53.513 - TicTacToeTrain (57  ) - [INFO   ] - white score rate after 660 epochs: 0.9775
2019-06-05 21:46:54.622 - TicTacToeTrain (60  ) - [INFO   ] - black score rate after 660 epochs: 0.693
2019-06-05 21:47:07.346 - TicTacToeTrain (55  ) - [INFO   ] - start evaluating the network in epoch 670
2019-06-05 21:47:08.483 - TicTacToeTrain (57  ) - [INFO   ] - white score rate after 670 epochs: 0.983
2019-06-05 21:47:09.578 - TicTacToeTrain (60  ) - [INFO   ] - black score rate after 670 epochs: 0.681
2019-06-05 21:47:22.328 - TicTacToeTrain (55  ) - [INFO   ] - start evaluating the network in epoch 680
2019-06-05 21:47:23.442 - TicTacToeTrain (57  ) - [INFO   ] - white score rate after 680 epochs: 0.985
2019-06-05 21:47:24.532 - TicTacToeTrain (60  ) - [INFO   ] - black score rate after 680 epochs: 0.6715
2019-06-05 21:47:37.282 - TicTacToeTrain (55  ) - [INFO   ] - start evaluating the network in epoch 690
2019-06-05 21:47:38.435 - TicTacToeTrain (57  ) - [INFO   ] - white score rate after 690 epochs: 0.9685
2019-06-05 21:47:39.515 - TicTacToeTrain (60  ) - [INFO   ] - black score rate after 690 epochs: 0.67
2019-06-05 21:47:52.090 - TicTacToeTrain (55  ) - [INFO   ] - start evaluating the network in epoch 700
2019-06-05 21:47:53.300 - TicTacToeTrain (57  ) - [INFO   ] - white score rate after 700 epochs: 0.86
2019-06-05 21:47:54.384 - TicTacToeTrain (60  ) - [INFO   ] - black score rate after 700 epochs: 0.676
2019-06-05 21:48:07.129 - TicTacToeTrain (55  ) - [INFO   ] - start evaluating the network in epoch 710
2019-06-05 21:48:08.254 - TicTacToeTrain (57  ) - [INFO   ] - white score rate after 710 epochs: 0.9565
2019-06-05 21:48:09.324 - TicTacToeTrain (60  ) - [INFO   ] - black score rate after 710 epochs: 0.6755
2019-06-05 21:48:22.071 - TicTacToeTrain (55  ) - [INFO   ] - start evaluating the network in epoch 720
2019-06-05 21:48:23.133 - TicTacToeTrain (57  ) - [INFO   ] - white score rate after 720 epochs: 0.9825
2019-06-05 21:48:24.241 - TicTacToeTrain (60  ) - [INFO   ] - black score rate after 720 epochs: 0.6835
2019-06-05 21:48:36.767 - TicTacToeTrain (55  ) - [INFO   ] - start evaluating the network in epoch 730
2019-06-05 21:48:37.824 - TicTacToeTrain (57  ) - [INFO   ] - white score rate after 730 epochs: 0.9655
2019-06-05 21:48:38.908 - TicTacToeTrain (60  ) - [INFO   ] - black score rate after 730 epochs: 0.678
2019-06-05 21:48:51.786 - TicTacToeTrain (55  ) - [INFO   ] - start evaluating the network in epoch 740
2019-06-05 21:48:52.894 - TicTacToeTrain (57  ) - [INFO   ] - white score rate after 740 epochs: 0.9795
2019-06-05 21:48:54.021 - TicTacToeTrain (60  ) - [INFO   ] - black score rate after 740 epochs: 0.5965
2019-06-05 21:49:06.666 - TicTacToeTrain (55  ) - [INFO   ] - start evaluating the network in epoch 750
2019-06-05 21:49:07.802 - TicTacToeTrain (57  ) - [INFO   ] - white score rate after 750 epochs: 0.9255
2019-06-05 21:49:08.913 - TicTacToeTrain (60  ) - [INFO   ] - black score rate after 750 epochs: 0.6115
2019-06-05 21:49:21.525 - TicTacToeTrain (55  ) - [INFO   ] - start evaluating the network in epoch 760
2019-06-05 21:49:22.638 - TicTacToeTrain (57  ) - [INFO   ] - white score rate after 760 epochs: 0.986
2019-06-05 21:49:23.754 - TicTacToeTrain (60  ) - [INFO   ] - black score rate after 760 epochs: 0.6635
2019-06-05 21:49:36.377 - TicTacToeTrain (55  ) - [INFO   ] - start evaluating the network in epoch 770
2019-06-05 21:49:37.474 - TicTacToeTrain (57  ) - [INFO   ] - white score rate after 770 epochs: 0.9605
2019-06-05 21:49:38.542 - TicTacToeTrain (60  ) - [INFO   ] - black score rate after 770 epochs: 0.7285
2019-06-05 21:49:51.199 - TicTacToeTrain (55  ) - [INFO   ] - start evaluating the network in epoch 780
2019-06-05 21:49:52.398 - TicTacToeTrain (57  ) - [INFO   ] - white score rate after 780 epochs: 0.9635
2019-06-05 21:49:53.475 - TicTacToeTrain (60  ) - [INFO   ] - black score rate after 780 epochs: 0.7125
2019-06-05 21:50:06.249 - TicTacToeTrain (55  ) - [INFO   ] - start evaluating the network in epoch 790
2019-06-05 21:50:07.428 - TicTacToeTrain (57  ) - [INFO   ] - white score rate after 790 epochs: 0.983
2019-06-05 21:50:08.508 - TicTacToeTrain (60  ) - [INFO   ] - black score rate after 790 epochs: 0.765
2019-06-05 21:50:21.245 - TicTacToeTrain (55  ) - [INFO   ] - start evaluating the network in epoch 800
2019-06-05 21:50:22.392 - TicTacToeTrain (57  ) - [INFO   ] - white score rate after 800 epochs: 0.9785
2019-06-05 21:50:23.491 - TicTacToeTrain (60  ) - [INFO   ] - black score rate after 800 epochs: 0.7395
2019-06-05 21:50:36.133 - TicTacToeTrain (55  ) - [INFO   ] - start evaluating the network in epoch 810
2019-06-05 21:50:37.270 - TicTacToeTrain (57  ) - [INFO   ] - white score rate after 810 epochs: 0.989
2019-06-05 21:50:38.357 - TicTacToeTrain (60  ) - [INFO   ] - black score rate after 810 epochs: 0.774
2019-06-05 21:50:51.085 - TicTacToeTrain (55  ) - [INFO   ] - start evaluating the network in epoch 820
2019-06-05 21:50:52.226 - TicTacToeTrain (57  ) - [INFO   ] - white score rate after 820 epochs: 0.9965
2019-06-05 21:50:53.345 - TicTacToeTrain (60  ) - [INFO   ] - black score rate after 820 epochs: 0.735
2019-06-05 21:51:05.808 - TicTacToeTrain (55  ) - [INFO   ] - start evaluating the network in epoch 830
2019-06-05 21:51:06.951 - TicTacToeTrain (57  ) - [INFO   ] - white score rate after 830 epochs: 0.995
2019-06-05 21:51:08.059 - TicTacToeTrain (60  ) - [INFO   ] - black score rate after 830 epochs: 0.726
2019-06-05 21:51:20.580 - TicTacToeTrain (55  ) - [INFO   ] - start evaluating the network in epoch 840
2019-06-05 21:51:21.705 - TicTacToeTrain (57  ) - [INFO   ] - white score rate after 840 epochs: 0.993
2019-06-05 21:51:22.812 - TicTacToeTrain (60  ) - [INFO   ] - black score rate after 840 epochs: 0.697
2019-06-05 21:51:35.712 - TicTacToeTrain (55  ) - [INFO   ] - start evaluating the network in epoch 850
2019-06-05 21:51:37.000 - TicTacToeTrain (57  ) - [INFO   ] - white score rate after 850 epochs: 0.902
2019-06-05 21:51:38.081 - TicTacToeTrain (60  ) - [INFO   ] - black score rate after 850 epochs: 0.7215
2019-06-05 21:51:50.872 - TicTacToeTrain (55  ) - [INFO   ] - start evaluating the network in epoch 860
2019-06-05 21:51:51.991 - TicTacToeTrain (57  ) - [INFO   ] - white score rate after 860 epochs: 0.986
2019-06-05 21:51:53.075 - TicTacToeTrain (60  ) - [INFO   ] - black score rate after 860 epochs: 0.7275
2019-06-05 21:52:05.777 - TicTacToeTrain (55  ) - [INFO   ] - start evaluating the network in epoch 870
2019-06-05 21:52:06.873 - TicTacToeTrain (57  ) - [INFO   ] - white score rate after 870 epochs: 0.96
2019-06-05 21:52:07.955 - TicTacToeTrain (60  ) - [INFO   ] - black score rate after 870 epochs: 0.7235
2019-06-05 21:52:20.735 - TicTacToeTrain (55  ) - [INFO   ] - start evaluating the network in epoch 880
2019-06-05 21:52:21.876 - TicTacToeTrain (57  ) - [INFO   ] - white score rate after 880 epochs: 0.9815
2019-06-05 21:52:22.959 - TicTacToeTrain (60  ) - [INFO   ] - black score rate after 880 epochs: 0.7095
2019-06-05 21:52:35.689 - TicTacToeTrain (55  ) - [INFO   ] - start evaluating the network in epoch 890
2019-06-05 21:52:36.962 - TicTacToeTrain (57  ) - [INFO   ] - white score rate after 890 epochs: 0.906
2019-06-05 21:52:38.076 - TicTacToeTrain (60  ) - [INFO   ] - black score rate after 890 epochs: 0.7165
2019-06-05 21:52:50.754 - TicTacToeTrain (55  ) - [INFO   ] - start evaluating the network in epoch 900
2019-06-05 21:52:51.951 - TicTacToeTrain (57  ) - [INFO   ] - white score rate after 900 epochs: 0.9515
2019-06-05 21:52:53.071 - TicTacToeTrain (60  ) - [INFO   ] - black score rate after 900 epochs: 0.718
2019-06-05 21:53:05.714 - TicTacToeTrain (55  ) - [INFO   ] - start evaluating the network in epoch 910
2019-06-05 21:53:06.838 - TicTacToeTrain (57  ) - [INFO   ] - white score rate after 910 epochs: 0.9865
2019-06-05 21:53:07.953 - TicTacToeTrain (60  ) - [INFO   ] - black score rate after 910 epochs: 0.6995
2019-06-05 21:53:20.681 - TicTacToeTrain (55  ) - [INFO   ] - start evaluating the network in epoch 920
2019-06-05 21:53:21.776 - TicTacToeTrain (57  ) - [INFO   ] - white score rate after 920 epochs: 0.9895
2019-06-05 21:53:22.882 - TicTacToeTrain (60  ) - [INFO   ] - black score rate after 920 epochs: 0.7075
2019-06-05 21:53:35.575 - TicTacToeTrain (55  ) - [INFO   ] - start evaluating the network in epoch 930
2019-06-05 21:53:36.743 - TicTacToeTrain (57  ) - [INFO   ] - white score rate after 930 epochs: 0.953
2019-06-05 21:53:37.846 - TicTacToeTrain (60  ) - [INFO   ] - black score rate after 930 epochs: 0.703
2019-06-05 21:53:50.579 - TicTacToeTrain (55  ) - [INFO   ] - start evaluating the network in epoch 940
2019-06-05 21:53:51.710 - TicTacToeTrain (57  ) - [INFO   ] - white score rate after 940 epochs: 0.9875
2019-06-05 21:53:52.827 - TicTacToeTrain (60  ) - [INFO   ] - black score rate after 940 epochs: 0.696
2019-06-05 21:54:05.510 - TicTacToeTrain (55  ) - [INFO   ] - start evaluating the network in epoch 950
2019-06-05 21:54:06.636 - TicTacToeTrain (57  ) - [INFO   ] - white score rate after 950 epochs: 0.9915
2019-06-05 21:54:07.744 - TicTacToeTrain (60  ) - [INFO   ] - black score rate after 950 epochs: 0.6915
2019-06-05 21:54:20.471 - TicTacToeTrain (55  ) - [INFO   ] - start evaluating the network in epoch 960
2019-06-05 21:54:21.634 - TicTacToeTrain (57  ) - [INFO   ] - white score rate after 960 epochs: 0.9725
2019-06-05 21:54:22.742 - TicTacToeTrain (60  ) - [INFO   ] - black score rate after 960 epochs: 0.716
2019-06-05 21:54:35.478 - TicTacToeTrain (55  ) - [INFO   ] - start evaluating the network in epoch 970
2019-06-05 21:54:36.638 - TicTacToeTrain (57  ) - [INFO   ] - white score rate after 970 epochs: 0.961
2019-06-05 21:54:37.756 - TicTacToeTrain (60  ) - [INFO   ] - black score rate after 970 epochs: 0.7125
2019-06-05 21:54:50.504 - TicTacToeTrain (55  ) - [INFO   ] - start evaluating the network in epoch 980
2019-06-05 21:54:51.674 - TicTacToeTrain (57  ) - [INFO   ] - white score rate after 980 epochs: 0.9635
2019-06-05 21:54:52.807 - TicTacToeTrain (60  ) - [INFO   ] - black score rate after 980 epochs: 0.71
2019-06-05 21:55:05.558 - TicTacToeTrain (55  ) - [INFO   ] - start evaluating the network in epoch 990
2019-06-05 21:55:06.722 - TicTacToeTrain (57  ) - [INFO   ] - white score rate after 990 epochs: 0.955
2019-06-05 21:55:07.836 - TicTacToeTrain (60  ) - [INFO   ] - black score rate after 990 epochs: 0.7305
2019-06-05 21:55:20.564 - TicTacToeTrain (85  ) - [INFO   ] - elapsed time whole training process 1487.3475291728973 for 100000 episodes
2019-06-05 21:55:20.672 - matplotlib.axes._base(2515) - [DEBUG  ] - update_title_pos
2019-06-05 21:55:20.680 - matplotlib.font_manager(1254) - [DEBUG  ] - findfont: Matching :family=sans-serif:style=normal:variant=normal:weight=normal:stretch=normal:size=10.0 to DejaVu Sans ('C:\\Users\\Roy Morphy\\AppData\\Local\\Programs\\Python\\Python37\\lib\\site-packages\\matplotlib\\mpl-data\\fonts\\ttf\\DejaVuSans.ttf') with score of 0.050000.
2019-06-05 21:55:20.701 - matplotlib.font_manager(1254) - [DEBUG  ] - findfont: Matching :family=sans-serif:style=normal:variant=normal:weight=normal:stretch=normal:size=12.0 to DejaVu Sans ('C:\\Users\\Roy Morphy\\AppData\\Local\\Programs\\Python\\Python37\\lib\\site-packages\\matplotlib\\mpl-data\\fonts\\ttf\\DejaVuSans.ttf') with score of 0.050000.
2019-06-05 21:55:20.713 - matplotlib.axes._base(2515) - [DEBUG  ] - update_title_pos
2019-06-05 22:36:05.246 - matplotlib.axes._base(2515) - [DEBUG  ] - update_title_pos
2019-06-05 22:36:05.288 - matplotlib.axes._base(2515) - [DEBUG  ] - update_title_pos
2019-06-05 22:36:14.168 - matplotlib.axes._base(2515) - [DEBUG  ] - update_title_pos
2019-06-05 22:36:14.194 - matplotlib.axes._base(2515) - [DEBUG  ] - update_title_pos
2019-06-21 10:44:35.962 - root           (46  ) - [DEBUG  ] - logger successfully initialized
2019-06-21 10:44:35.978 - TicTacToeTrain (55  ) - [INFO   ] - start evaluating the network in epoch 0
2019-06-21 10:46:15.954 - root           (46  ) - [DEBUG  ] - logger successfully initialized
2019-06-21 10:46:15.956 - TicTacToeTrain (55  ) - [INFO   ] - start evaluating the network in epoch 0
2019-06-21 10:47:24.201 - TicTacToeTrain (57  ) - [INFO   ] - white score rate after 0 epochs: 0.7755
2019-06-21 10:47:25.844 - TicTacToeTrain (60  ) - [INFO   ] - black score rate after 0 epochs: 0.2975
2019-06-21 10:48:00.474 - TicTacToeTrain (55  ) - [INFO   ] - start evaluating the network in epoch 10
2019-06-21 10:48:02.511 - TicTacToeTrain (57  ) - [INFO   ] - white score rate after 10 epochs: 0.6685
2019-06-21 10:48:04.155 - TicTacToeTrain (60  ) - [INFO   ] - black score rate after 10 epochs: 0.522
2019-06-21 10:48:19.049 - TicTacToeTrain (55  ) - [INFO   ] - start evaluating the network in epoch 20
2019-06-21 10:48:21.114 - TicTacToeTrain (57  ) - [INFO   ] - white score rate after 20 epochs: 0.6555
2019-06-21 10:48:22.763 - TicTacToeTrain (60  ) - [INFO   ] - black score rate after 20 epochs: 0.461
2019-06-21 10:48:37.686 - TicTacToeTrain (55  ) - [INFO   ] - start evaluating the network in epoch 30
2019-06-21 10:48:39.709 - TicTacToeTrain (57  ) - [INFO   ] - white score rate after 30 epochs: 0.62
2019-06-21 10:48:41.353 - TicTacToeTrain (60  ) - [INFO   ] - black score rate after 30 epochs: 0.3955
2019-06-21 10:48:55.942 - TicTacToeTrain (55  ) - [INFO   ] - start evaluating the network in epoch 40
2019-06-21 10:48:57.874 - TicTacToeTrain (57  ) - [INFO   ] - white score rate after 40 epochs: 0.748
2019-06-21 10:48:59.519 - TicTacToeTrain (60  ) - [INFO   ] - black score rate after 40 epochs: 0.5805
2019-06-21 10:49:14.820 - TicTacToeTrain (55  ) - [INFO   ] - start evaluating the network in epoch 50
2019-06-21 10:49:16.996 - TicTacToeTrain (57  ) - [INFO   ] - white score rate after 50 epochs: 0.6525
2019-06-21 10:49:18.655 - TicTacToeTrain (60  ) - [INFO   ] - black score rate after 50 epochs: 0.462
2019-06-21 10:49:33.783 - TicTacToeTrain (55  ) - [INFO   ] - start evaluating the network in epoch 60
2019-06-21 10:49:35.937 - TicTacToeTrain (57  ) - [INFO   ] - white score rate after 60 epochs: 0.6735
2019-06-21 10:49:37.620 - TicTacToeTrain (60  ) - [INFO   ] - black score rate after 60 epochs: 0.5345
2019-06-21 10:49:52.712 - TicTacToeTrain (55  ) - [INFO   ] - start evaluating the network in epoch 70
2019-06-21 10:49:54.863 - TicTacToeTrain (57  ) - [INFO   ] - white score rate after 70 epochs: 0.725
2019-06-21 10:49:56.530 - TicTacToeTrain (60  ) - [INFO   ] - black score rate after 70 epochs: 0.524
2019-06-21 10:50:11.121 - TicTacToeTrain (55  ) - [INFO   ] - start evaluating the network in epoch 80
2019-06-21 10:50:12.934 - TicTacToeTrain (57  ) - [INFO   ] - white score rate after 80 epochs: 0.877
2019-06-21 10:50:14.590 - TicTacToeTrain (60  ) - [INFO   ] - black score rate after 80 epochs: 0.5365
2019-06-21 10:50:29.338 - TicTacToeTrain (55  ) - [INFO   ] - start evaluating the network in epoch 90
2019-06-21 10:50:31.331 - TicTacToeTrain (57  ) - [INFO   ] - white score rate after 90 epochs: 0.7995
2019-06-21 10:50:33.014 - TicTacToeTrain (60  ) - [INFO   ] - black score rate after 90 epochs: 0.6185
2019-06-21 10:50:48.036 - TicTacToeTrain (55  ) - [INFO   ] - start evaluating the network in epoch 100
2019-06-21 10:50:50.025 - TicTacToeTrain (57  ) - [INFO   ] - white score rate after 100 epochs: 0.7805
2019-06-21 10:50:51.733 - TicTacToeTrain (60  ) - [INFO   ] - black score rate after 100 epochs: 0.597
2019-06-21 10:51:07.019 - TicTacToeTrain (55  ) - [INFO   ] - start evaluating the network in epoch 110
2019-06-21 10:51:08.964 - TicTacToeTrain (57  ) - [INFO   ] - white score rate after 110 epochs: 0.807
2019-06-21 10:51:10.647 - TicTacToeTrain (60  ) - [INFO   ] - black score rate after 110 epochs: 0.555
2019-06-21 10:51:25.848 - TicTacToeTrain (55  ) - [INFO   ] - start evaluating the network in epoch 120
2019-06-21 10:51:27.859 - TicTacToeTrain (57  ) - [INFO   ] - white score rate after 120 epochs: 0.696
2019-06-21 10:51:29.557 - TicTacToeTrain (60  ) - [INFO   ] - black score rate after 120 epochs: 0.519
2019-06-21 10:51:44.649 - TicTacToeTrain (55  ) - [INFO   ] - start evaluating the network in epoch 130
2019-06-21 10:51:46.753 - TicTacToeTrain (57  ) - [INFO   ] - white score rate after 130 epochs: 0.707
2019-06-21 10:51:48.435 - TicTacToeTrain (60  ) - [INFO   ] - black score rate after 130 epochs: 0.474
2019-06-21 10:52:03.596 - TicTacToeTrain (55  ) - [INFO   ] - start evaluating the network in epoch 140
2019-06-21 10:52:05.692 - TicTacToeTrain (57  ) - [INFO   ] - white score rate after 140 epochs: 0.655
2019-06-21 10:52:07.390 - TicTacToeTrain (60  ) - [INFO   ] - black score rate after 140 epochs: 0.399
2019-06-21 10:52:22.561 - TicTacToeTrain (55  ) - [INFO   ] - start evaluating the network in epoch 150
2019-06-21 10:52:24.553 - TicTacToeTrain (57  ) - [INFO   ] - white score rate after 150 epochs: 0.7695
2019-06-21 10:52:26.271 - TicTacToeTrain (60  ) - [INFO   ] - black score rate after 150 epochs: 0.4075
2019-06-21 10:52:41.127 - TicTacToeTrain (55  ) - [INFO   ] - start evaluating the network in epoch 160
2019-06-21 10:52:42.924 - TicTacToeTrain (57  ) - [INFO   ] - white score rate after 160 epochs: 0.8785
2019-06-21 10:52:44.630 - TicTacToeTrain (60  ) - [INFO   ] - black score rate after 160 epochs: 0.469
2019-06-21 10:52:59.931 - TicTacToeTrain (55  ) - [INFO   ] - start evaluating the network in epoch 170
2019-06-21 10:53:01.865 - TicTacToeTrain (57  ) - [INFO   ] - white score rate after 170 epochs: 0.8595
2019-06-21 10:53:03.541 - TicTacToeTrain (60  ) - [INFO   ] - black score rate after 170 epochs: 0.5525
2019-06-21 10:53:18.570 - TicTacToeTrain (55  ) - [INFO   ] - start evaluating the network in epoch 180
2019-06-21 10:53:20.493 - TicTacToeTrain (57  ) - [INFO   ] - white score rate after 180 epochs: 0.785
2019-06-21 10:53:22.223 - TicTacToeTrain (60  ) - [INFO   ] - black score rate after 180 epochs: 0.4235
2019-06-21 10:53:36.901 - TicTacToeTrain (55  ) - [INFO   ] - start evaluating the network in epoch 190
2019-06-21 10:53:38.832 - TicTacToeTrain (57  ) - [INFO   ] - white score rate after 190 epochs: 0.8065
2019-06-21 10:53:40.536 - TicTacToeTrain (60  ) - [INFO   ] - black score rate after 190 epochs: 0.4445
2019-06-21 10:53:56.101 - TicTacToeTrain (55  ) - [INFO   ] - start evaluating the network in epoch 200
2019-06-21 10:53:58.149 - TicTacToeTrain (57  ) - [INFO   ] - white score rate after 200 epochs: 0.7565
2019-06-21 10:53:59.813 - TicTacToeTrain (60  ) - [INFO   ] - black score rate after 200 epochs: 0.528
2019-06-21 10:54:15.023 - TicTacToeTrain (55  ) - [INFO   ] - start evaluating the network in epoch 210
2019-06-21 10:54:16.976 - TicTacToeTrain (57  ) - [INFO   ] - white score rate after 210 epochs: 0.8025
2019-06-21 10:54:18.688 - TicTacToeTrain (60  ) - [INFO   ] - black score rate after 210 epochs: 0.6
2019-06-21 10:54:33.948 - TicTacToeTrain (55  ) - [INFO   ] - start evaluating the network in epoch 220
2019-06-21 10:54:35.884 - TicTacToeTrain (57  ) - [INFO   ] - white score rate after 220 epochs: 0.851
2019-06-21 10:54:37.620 - TicTacToeTrain (60  ) - [INFO   ] - black score rate after 220 epochs: 0.5275
2019-06-21 10:54:52.731 - TicTacToeTrain (55  ) - [INFO   ] - start evaluating the network in epoch 230
2019-06-21 10:54:54.648 - TicTacToeTrain (57  ) - [INFO   ] - white score rate after 230 epochs: 0.8415
2019-06-21 10:54:56.368 - TicTacToeTrain (60  ) - [INFO   ] - black score rate after 230 epochs: 0.414
2019-06-21 10:55:11.540 - TicTacToeTrain (55  ) - [INFO   ] - start evaluating the network in epoch 240
2019-06-21 10:55:13.391 - TicTacToeTrain (57  ) - [INFO   ] - white score rate after 240 epochs: 0.865
2019-06-21 10:55:15.096 - TicTacToeTrain (60  ) - [INFO   ] - black score rate after 240 epochs: 0.4265
2019-06-21 10:55:30.370 - TicTacToeTrain (55  ) - [INFO   ] - start evaluating the network in epoch 250
2019-06-21 10:55:32.325 - TicTacToeTrain (57  ) - [INFO   ] - white score rate after 250 epochs: 0.8675
2019-06-21 10:55:34.108 - TicTacToeTrain (60  ) - [INFO   ] - black score rate after 250 epochs: 0.502
2019-06-21 10:55:49.399 - TicTacToeTrain (55  ) - [INFO   ] - start evaluating the network in epoch 260
2019-06-21 10:55:51.408 - TicTacToeTrain (57  ) - [INFO   ] - white score rate after 260 epochs: 0.834
2019-06-21 10:55:53.132 - TicTacToeTrain (60  ) - [INFO   ] - black score rate after 260 epochs: 0.51
2019-06-21 10:56:08.332 - TicTacToeTrain (55  ) - [INFO   ] - start evaluating the network in epoch 270
2019-06-21 10:56:10.289 - TicTacToeTrain (57  ) - [INFO   ] - white score rate after 270 epochs: 0.846
2019-06-21 10:56:12.006 - TicTacToeTrain (60  ) - [INFO   ] - black score rate after 270 epochs: 0.5225
2019-06-21 10:56:27.046 - TicTacToeTrain (55  ) - [INFO   ] - start evaluating the network in epoch 280
2019-06-21 10:56:29.038 - TicTacToeTrain (57  ) - [INFO   ] - white score rate after 280 epochs: 0.7885
2019-06-21 10:56:30.767 - TicTacToeTrain (60  ) - [INFO   ] - black score rate after 280 epochs: 0.486
2019-06-21 10:56:45.892 - TicTacToeTrain (55  ) - [INFO   ] - start evaluating the network in epoch 290
2019-06-21 10:56:47.773 - TicTacToeTrain (57  ) - [INFO   ] - white score rate after 290 epochs: 0.918
2019-06-21 10:56:49.512 - TicTacToeTrain (60  ) - [INFO   ] - black score rate after 290 epochs: 0.536
2019-06-21 10:57:04.438 - TicTacToeTrain (55  ) - [INFO   ] - start evaluating the network in epoch 300
2019-06-21 10:57:06.278 - TicTacToeTrain (57  ) - [INFO   ] - white score rate after 300 epochs: 0.929
2019-06-21 10:57:08.027 - TicTacToeTrain (60  ) - [INFO   ] - black score rate after 300 epochs: 0.5405
2019-06-21 10:57:23.398 - TicTacToeTrain (55  ) - [INFO   ] - start evaluating the network in epoch 310
2019-06-21 10:57:25.305 - TicTacToeTrain (57  ) - [INFO   ] - white score rate after 310 epochs: 0.894
2019-06-21 10:57:27.049 - TicTacToeTrain (60  ) - [INFO   ] - black score rate after 310 epochs: 0.466
2019-06-21 10:57:42.307 - TicTacToeTrain (55  ) - [INFO   ] - start evaluating the network in epoch 320
2019-06-21 10:57:44.355 - TicTacToeTrain (57  ) - [INFO   ] - white score rate after 320 epochs: 0.5875
2019-06-21 10:57:46.051 - TicTacToeTrain (60  ) - [INFO   ] - black score rate after 320 epochs: 0.4895
2019-06-21 10:58:00.825 - TicTacToeTrain (55  ) - [INFO   ] - start evaluating the network in epoch 330
2019-06-21 10:58:02.884 - TicTacToeTrain (57  ) - [INFO   ] - white score rate after 330 epochs: 0.626
2019-06-21 10:58:04.551 - TicTacToeTrain (60  ) - [INFO   ] - black score rate after 330 epochs: 0.5115
2019-06-21 10:58:19.693 - TicTacToeTrain (55  ) - [INFO   ] - start evaluating the network in epoch 340
2019-06-21 10:58:21.510 - TicTacToeTrain (57  ) - [INFO   ] - white score rate after 340 epochs: 0.9115
2019-06-21 10:58:23.187 - TicTacToeTrain (60  ) - [INFO   ] - black score rate after 340 epochs: 0.562
2019-06-21 10:58:38.009 - TicTacToeTrain (55  ) - [INFO   ] - start evaluating the network in epoch 350
2019-06-21 10:58:39.818 - TicTacToeTrain (57  ) - [INFO   ] - white score rate after 350 epochs: 0.833
2019-06-21 10:58:41.495 - TicTacToeTrain (60  ) - [INFO   ] - black score rate after 350 epochs: 0.5555
2019-06-21 10:58:56.449 - TicTacToeTrain (55  ) - [INFO   ] - start evaluating the network in epoch 360
2019-06-21 10:58:58.337 - TicTacToeTrain (57  ) - [INFO   ] - white score rate after 360 epochs: 0.865
2019-06-21 10:59:00.047 - TicTacToeTrain (60  ) - [INFO   ] - black score rate after 360 epochs: 0.4815
2019-06-21 10:59:15.105 - TicTacToeTrain (55  ) - [INFO   ] - start evaluating the network in epoch 370
2019-06-21 10:59:16.904 - TicTacToeTrain (57  ) - [INFO   ] - white score rate after 370 epochs: 0.9165
2019-06-21 10:59:18.620 - TicTacToeTrain (60  ) - [INFO   ] - black score rate after 370 epochs: 0.545
2019-06-21 10:59:33.651 - TicTacToeTrain (55  ) - [INFO   ] - start evaluating the network in epoch 380
2019-06-21 10:59:35.478 - TicTacToeTrain (57  ) - [INFO   ] - white score rate after 380 epochs: 0.873
2019-06-21 10:59:37.151 - TicTacToeTrain (60  ) - [INFO   ] - black score rate after 380 epochs: 0.5745
2019-06-21 10:59:52.301 - TicTacToeTrain (55  ) - [INFO   ] - start evaluating the network in epoch 390
2019-06-21 10:59:54.152 - TicTacToeTrain (57  ) - [INFO   ] - white score rate after 390 epochs: 0.8525
2019-06-21 10:59:55.815 - TicTacToeTrain (60  ) - [INFO   ] - black score rate after 390 epochs: 0.57
2019-06-21 11:00:10.918 - TicTacToeTrain (55  ) - [INFO   ] - start evaluating the network in epoch 400
2019-06-21 11:00:12.834 - TicTacToeTrain (57  ) - [INFO   ] - white score rate after 400 epochs: 0.839
2019-06-21 11:00:14.509 - TicTacToeTrain (60  ) - [INFO   ] - black score rate after 400 epochs: 0.5745
2019-06-21 11:00:29.728 - TicTacToeTrain (55  ) - [INFO   ] - start evaluating the network in epoch 410
2019-06-21 11:00:31.717 - TicTacToeTrain (57  ) - [INFO   ] - white score rate after 410 epochs: 0.877
2019-06-21 11:00:33.420 - TicTacToeTrain (60  ) - [INFO   ] - black score rate after 410 epochs: 0.603
2019-06-21 11:00:48.552 - TicTacToeTrain (55  ) - [INFO   ] - start evaluating the network in epoch 420
2019-06-21 11:00:50.473 - TicTacToeTrain (57  ) - [INFO   ] - white score rate after 420 epochs: 0.8895
2019-06-21 11:00:52.154 - TicTacToeTrain (60  ) - [INFO   ] - black score rate after 420 epochs: 0.5215
2019-06-21 11:01:07.380 - TicTacToeTrain (55  ) - [INFO   ] - start evaluating the network in epoch 430
2019-06-21 11:01:09.168 - TicTacToeTrain (57  ) - [INFO   ] - white score rate after 430 epochs: 0.8935
2019-06-21 11:01:10.862 - TicTacToeTrain (60  ) - [INFO   ] - black score rate after 430 epochs: 0.5345
2019-06-21 11:01:26.107 - TicTacToeTrain (55  ) - [INFO   ] - start evaluating the network in epoch 440
2019-06-21 11:01:28.135 - TicTacToeTrain (57  ) - [INFO   ] - white score rate after 440 epochs: 0.871
2019-06-21 11:01:29.865 - TicTacToeTrain (60  ) - [INFO   ] - black score rate after 440 epochs: 0.484
2019-06-21 11:01:45.151 - TicTacToeTrain (55  ) - [INFO   ] - start evaluating the network in epoch 450
2019-06-21 11:01:47.029 - TicTacToeTrain (57  ) - [INFO   ] - white score rate after 450 epochs: 0.819
2019-06-21 11:01:48.727 - TicTacToeTrain (60  ) - [INFO   ] - black score rate after 450 epochs: 0.562
2019-06-21 11:02:03.825 - TicTacToeTrain (55  ) - [INFO   ] - start evaluating the network in epoch 460
2019-06-21 11:02:05.690 - TicTacToeTrain (57  ) - [INFO   ] - white score rate after 460 epochs: 0.881
2019-06-21 11:02:07.388 - TicTacToeTrain (60  ) - [INFO   ] - black score rate after 460 epochs: 0.515
2019-06-21 11:02:22.534 - TicTacToeTrain (55  ) - [INFO   ] - start evaluating the network in epoch 470
2019-06-21 11:02:24.526 - TicTacToeTrain (57  ) - [INFO   ] - white score rate after 470 epochs: 0.7225
2019-06-21 11:02:26.218 - TicTacToeTrain (60  ) - [INFO   ] - black score rate after 470 epochs: 0.526
2019-06-21 11:02:41.316 - TicTacToeTrain (55  ) - [INFO   ] - start evaluating the network in epoch 480
2019-06-21 11:02:43.139 - TicTacToeTrain (57  ) - [INFO   ] - white score rate after 480 epochs: 0.8465
2019-06-21 11:02:44.839 - TicTacToeTrain (60  ) - [INFO   ] - black score rate after 480 epochs: 0.5285
2019-06-21 11:02:59.879 - TicTacToeTrain (55  ) - [INFO   ] - start evaluating the network in epoch 490
2019-06-21 11:03:01.679 - TicTacToeTrain (57  ) - [INFO   ] - white score rate after 490 epochs: 0.867
2019-06-21 11:03:03.363 - TicTacToeTrain (60  ) - [INFO   ] - black score rate after 490 epochs: 0.5315
2019-06-21 11:03:18.090 - TicTacToeTrain (55  ) - [INFO   ] - start evaluating the network in epoch 500
2019-06-21 11:03:19.852 - TicTacToeTrain (57  ) - [INFO   ] - white score rate after 500 epochs: 0.853
2019-06-21 11:03:21.551 - TicTacToeTrain (60  ) - [INFO   ] - black score rate after 500 epochs: 0.5185
2019-06-21 11:03:36.736 - TicTacToeTrain (55  ) - [INFO   ] - start evaluating the network in epoch 510
2019-06-21 11:03:38.622 - TicTacToeTrain (57  ) - [INFO   ] - white score rate after 510 epochs: 0.7525
2019-06-21 11:03:40.322 - TicTacToeTrain (60  ) - [INFO   ] - black score rate after 510 epochs: 0.4645
2019-06-21 11:03:55.254 - TicTacToeTrain (55  ) - [INFO   ] - start evaluating the network in epoch 520
2019-06-21 11:03:57.165 - TicTacToeTrain (57  ) - [INFO   ] - white score rate after 520 epochs: 0.7705
2019-06-21 11:03:58.913 - TicTacToeTrain (60  ) - [INFO   ] - black score rate after 520 epochs: 0.4705
2019-06-21 11:04:13.935 - TicTacToeTrain (55  ) - [INFO   ] - start evaluating the network in epoch 530
2019-06-21 11:04:15.849 - TicTacToeTrain (57  ) - [INFO   ] - white score rate after 530 epochs: 0.724
2019-06-21 11:04:17.574 - TicTacToeTrain (60  ) - [INFO   ] - black score rate after 530 epochs: 0.422
2019-06-21 11:04:32.790 - TicTacToeTrain (55  ) - [INFO   ] - start evaluating the network in epoch 540
2019-06-21 11:04:34.714 - TicTacToeTrain (57  ) - [INFO   ] - white score rate after 540 epochs: 0.733
2019-06-21 11:04:36.423 - TicTacToeTrain (60  ) - [INFO   ] - black score rate after 540 epochs: 0.4125
2019-06-21 11:04:51.499 - TicTacToeTrain (55  ) - [INFO   ] - start evaluating the network in epoch 550
2019-06-21 11:04:53.542 - TicTacToeTrain (57  ) - [INFO   ] - white score rate after 550 epochs: 0.6765
2019-06-21 11:04:55.253 - TicTacToeTrain (60  ) - [INFO   ] - black score rate after 550 epochs: 0.4725
2019-06-21 11:05:10.218 - TicTacToeTrain (55  ) - [INFO   ] - start evaluating the network in epoch 560
2019-06-21 11:05:12.040 - TicTacToeTrain (57  ) - [INFO   ] - white score rate after 560 epochs: 0.831
2019-06-21 11:05:13.787 - TicTacToeTrain (60  ) - [INFO   ] - black score rate after 560 epochs: 0.4765
2019-06-21 11:05:28.935 - TicTacToeTrain (55  ) - [INFO   ] - start evaluating the network in epoch 570
2019-06-21 11:05:30.745 - TicTacToeTrain (57  ) - [INFO   ] - white score rate after 570 epochs: 0.8345
2019-06-21 11:05:32.459 - TicTacToeTrain (60  ) - [INFO   ] - black score rate after 570 epochs: 0.426
2019-06-21 11:05:47.332 - TicTacToeTrain (55  ) - [INFO   ] - start evaluating the network in epoch 580
2019-06-21 11:05:49.318 - TicTacToeTrain (57  ) - [INFO   ] - white score rate after 580 epochs: 0.684
2019-06-21 11:05:51.066 - TicTacToeTrain (60  ) - [INFO   ] - black score rate after 580 epochs: 0.412
2019-06-21 11:06:06.021 - TicTacToeTrain (55  ) - [INFO   ] - start evaluating the network in epoch 590
2019-06-21 11:06:07.988 - TicTacToeTrain (57  ) - [INFO   ] - white score rate after 590 epochs: 0.694
2019-06-21 11:06:09.692 - TicTacToeTrain (60  ) - [INFO   ] - black score rate after 590 epochs: 0.454
2019-06-21 11:06:24.885 - TicTacToeTrain (55  ) - [INFO   ] - start evaluating the network in epoch 600
2019-06-21 11:06:26.799 - TicTacToeTrain (57  ) - [INFO   ] - white score rate after 600 epochs: 0.816
2019-06-21 11:06:28.481 - TicTacToeTrain (60  ) - [INFO   ] - black score rate after 600 epochs: 0.5065
2019-06-21 11:06:43.580 - TicTacToeTrain (55  ) - [INFO   ] - start evaluating the network in epoch 610
2019-06-21 11:06:45.627 - TicTacToeTrain (57  ) - [INFO   ] - white score rate after 610 epochs: 0.827
2019-06-21 11:06:47.320 - TicTacToeTrain (60  ) - [INFO   ] - black score rate after 610 epochs: 0.4735
2019-06-21 11:07:02.449 - TicTacToeTrain (55  ) - [INFO   ] - start evaluating the network in epoch 620
2019-06-21 11:07:04.393 - TicTacToeTrain (57  ) - [INFO   ] - white score rate after 620 epochs: 0.744
2019-06-21 11:07:06.063 - TicTacToeTrain (60  ) - [INFO   ] - black score rate after 620 epochs: 0.4655
2019-06-21 11:07:21.168 - TicTacToeTrain (55  ) - [INFO   ] - start evaluating the network in epoch 630
2019-06-21 11:07:23.072 - TicTacToeTrain (57  ) - [INFO   ] - white score rate after 630 epochs: 0.88
2019-06-21 11:07:24.768 - TicTacToeTrain (60  ) - [INFO   ] - black score rate after 630 epochs: 0.5005
2019-06-21 11:07:39.898 - TicTacToeTrain (55  ) - [INFO   ] - start evaluating the network in epoch 640
2019-06-21 11:07:41.743 - TicTacToeTrain (57  ) - [INFO   ] - white score rate after 640 epochs: 0.904
2019-06-21 11:07:43.416 - TicTacToeTrain (60  ) - [INFO   ] - black score rate after 640 epochs: 0.5095
2019-06-21 11:07:58.584 - TicTacToeTrain (55  ) - [INFO   ] - start evaluating the network in epoch 650
2019-06-21 11:08:00.416 - TicTacToeTrain (57  ) - [INFO   ] - white score rate after 650 epochs: 0.895
2019-06-21 11:08:02.079 - TicTacToeTrain (60  ) - [INFO   ] - black score rate after 650 epochs: 0.479
2019-06-21 11:08:17.177 - TicTacToeTrain (55  ) - [INFO   ] - start evaluating the network in epoch 660
2019-06-21 11:08:19.301 - TicTacToeTrain (57  ) - [INFO   ] - white score rate after 660 epochs: 0.621
2019-06-21 11:08:20.997 - TicTacToeTrain (60  ) - [INFO   ] - black score rate after 660 epochs: 0.495
2019-06-21 11:08:36.093 - TicTacToeTrain (55  ) - [INFO   ] - start evaluating the network in epoch 670
2019-06-21 11:08:38.140 - TicTacToeTrain (57  ) - [INFO   ] - white score rate after 670 epochs: 0.713
2019-06-21 11:08:39.832 - TicTacToeTrain (60  ) - [INFO   ] - black score rate after 670 epochs: 0.541
2019-06-21 11:08:54.927 - TicTacToeTrain (55  ) - [INFO   ] - start evaluating the network in epoch 680
2019-06-21 11:08:56.851 - TicTacToeTrain (57  ) - [INFO   ] - white score rate after 680 epochs: 0.7495
2019-06-21 11:08:58.540 - TicTacToeTrain (60  ) - [INFO   ] - black score rate after 680 epochs: 0.468
2019-06-21 11:09:13.595 - TicTacToeTrain (55  ) - [INFO   ] - start evaluating the network in epoch 690
2019-06-21 11:09:15.481 - TicTacToeTrain (57  ) - [INFO   ] - white score rate after 690 epochs: 0.9055
2019-06-21 11:09:17.158 - TicTacToeTrain (60  ) - [INFO   ] - black score rate after 690 epochs: 0.5105
2019-06-21 11:09:31.995 - TicTacToeTrain (55  ) - [INFO   ] - start evaluating the network in epoch 700
2019-06-21 11:09:33.815 - TicTacToeTrain (57  ) - [INFO   ] - white score rate after 700 epochs: 0.9375
2019-06-21 11:09:35.478 - TicTacToeTrain (60  ) - [INFO   ] - black score rate after 700 epochs: 0.518
2019-06-21 11:09:50.626 - TicTacToeTrain (55  ) - [INFO   ] - start evaluating the network in epoch 710
2019-06-21 11:09:52.409 - TicTacToeTrain (57  ) - [INFO   ] - white score rate after 710 epochs: 0.933
2019-06-21 11:09:54.104 - TicTacToeTrain (60  ) - [INFO   ] - black score rate after 710 epochs: 0.494
2019-06-21 11:10:09.231 - TicTacToeTrain (55  ) - [INFO   ] - start evaluating the network in epoch 720
2019-06-21 11:10:11.070 - TicTacToeTrain (57  ) - [INFO   ] - white score rate after 720 epochs: 0.777
2019-06-21 11:10:12.767 - TicTacToeTrain (60  ) - [INFO   ] - black score rate after 720 epochs: 0.4535
2019-06-21 11:10:27.733 - TicTacToeTrain (55  ) - [INFO   ] - start evaluating the network in epoch 730
2019-06-21 11:10:29.797 - TicTacToeTrain (57  ) - [INFO   ] - white score rate after 730 epochs: 0.6825
2019-06-21 11:10:31.495 - TicTacToeTrain (60  ) - [INFO   ] - black score rate after 730 epochs: 0.5235
2019-06-21 11:10:46.631 - TicTacToeTrain (55  ) - [INFO   ] - start evaluating the network in epoch 740
2019-06-21 11:10:48.718 - TicTacToeTrain (57  ) - [INFO   ] - white score rate after 740 epochs: 0.668
2019-06-21 11:10:50.408 - TicTacToeTrain (60  ) - [INFO   ] - black score rate after 740 epochs: 0.547
2019-06-21 11:11:05.569 - TicTacToeTrain (55  ) - [INFO   ] - start evaluating the network in epoch 750
2019-06-21 11:11:07.602 - TicTacToeTrain (57  ) - [INFO   ] - white score rate after 750 epochs: 0.7065
2019-06-21 11:11:09.313 - TicTacToeTrain (60  ) - [INFO   ] - black score rate after 750 epochs: 0.4785
2019-06-21 11:11:24.305 - TicTacToeTrain (55  ) - [INFO   ] - start evaluating the network in epoch 760
2019-06-21 11:11:26.258 - TicTacToeTrain (57  ) - [INFO   ] - white score rate after 760 epochs: 0.757
2019-06-21 11:11:27.967 - TicTacToeTrain (60  ) - [INFO   ] - black score rate after 760 epochs: 0.533
2019-06-21 11:11:42.928 - TicTacToeTrain (55  ) - [INFO   ] - start evaluating the network in epoch 770
2019-06-21 11:11:44.932 - TicTacToeTrain (57  ) - [INFO   ] - white score rate after 770 epochs: 0.6865
2019-06-21 11:11:46.628 - TicTacToeTrain (60  ) - [INFO   ] - black score rate after 770 epochs: 0.511
2019-06-21 11:12:01.707 - TicTacToeTrain (55  ) - [INFO   ] - start evaluating the network in epoch 780
2019-06-21 11:12:03.603 - TicTacToeTrain (57  ) - [INFO   ] - white score rate after 780 epochs: 0.719
2019-06-21 11:12:05.354 - TicTacToeTrain (60  ) - [INFO   ] - black score rate after 780 epochs: 0.4935
2019-06-21 11:12:20.103 - TicTacToeTrain (55  ) - [INFO   ] - start evaluating the network in epoch 790
2019-06-21 11:12:21.968 - TicTacToeTrain (57  ) - [INFO   ] - white score rate after 790 epochs: 0.8255
2019-06-21 11:12:23.611 - TicTacToeTrain (60  ) - [INFO   ] - black score rate after 790 epochs: 0.545
2019-06-21 11:12:38.799 - TicTacToeTrain (55  ) - [INFO   ] - start evaluating the network in epoch 800
2019-06-21 11:12:40.705 - TicTacToeTrain (57  ) - [INFO   ] - white score rate after 800 epochs: 0.8125
2019-06-21 11:12:42.385 - TicTacToeTrain (60  ) - [INFO   ] - black score rate after 800 epochs: 0.5255
2019-06-21 11:12:57.462 - TicTacToeTrain (55  ) - [INFO   ] - start evaluating the network in epoch 810
2019-06-21 11:12:59.444 - TicTacToeTrain (57  ) - [INFO   ] - white score rate after 810 epochs: 0.825
2019-06-21 11:13:01.128 - TicTacToeTrain (60  ) - [INFO   ] - black score rate after 810 epochs: 0.55
2019-06-21 11:13:16.288 - TicTacToeTrain (55  ) - [INFO   ] - start evaluating the network in epoch 820
2019-06-21 11:13:18.218 - TicTacToeTrain (57  ) - [INFO   ] - white score rate after 820 epochs: 0.801
2019-06-21 11:13:19.946 - TicTacToeTrain (60  ) - [INFO   ] - black score rate after 820 epochs: 0.49
2019-06-21 11:13:34.981 - TicTacToeTrain (55  ) - [INFO   ] - start evaluating the network in epoch 830
2019-06-21 11:13:36.845 - TicTacToeTrain (57  ) - [INFO   ] - white score rate after 830 epochs: 0.879
2019-06-21 11:13:38.548 - TicTacToeTrain (60  ) - [INFO   ] - black score rate after 830 epochs: 0.499
2019-06-21 11:13:53.609 - TicTacToeTrain (55  ) - [INFO   ] - start evaluating the network in epoch 840
2019-06-21 11:13:55.434 - TicTacToeTrain (57  ) - [INFO   ] - white score rate after 840 epochs: 0.91
2019-06-21 11:13:57.126 - TicTacToeTrain (60  ) - [INFO   ] - black score rate after 840 epochs: 0.541
2019-06-21 11:14:12.149 - TicTacToeTrain (55  ) - [INFO   ] - start evaluating the network in epoch 850
2019-06-21 11:14:14.009 - TicTacToeTrain (57  ) - [INFO   ] - white score rate after 850 epochs: 0.8575
2019-06-21 11:14:15.733 - TicTacToeTrain (60  ) - [INFO   ] - black score rate after 850 epochs: 0.4925
2019-06-21 11:14:30.733 - TicTacToeTrain (55  ) - [INFO   ] - start evaluating the network in epoch 860
2019-06-21 11:14:32.533 - TicTacToeTrain (57  ) - [INFO   ] - white score rate after 860 epochs: 0.888
2019-06-21 11:14:34.259 - TicTacToeTrain (60  ) - [INFO   ] - black score rate after 860 epochs: 0.5305
2019-06-21 11:14:49.165 - TicTacToeTrain (55  ) - [INFO   ] - start evaluating the network in epoch 870
2019-06-21 11:14:51.020 - TicTacToeTrain (57  ) - [INFO   ] - white score rate after 870 epochs: 0.855
2019-06-21 11:14:52.743 - TicTacToeTrain (60  ) - [INFO   ] - black score rate after 870 epochs: 0.54
2019-06-21 11:15:07.703 - TicTacToeTrain (55  ) - [INFO   ] - start evaluating the network in epoch 880
2019-06-21 11:15:09.564 - TicTacToeTrain (57  ) - [INFO   ] - white score rate after 880 epochs: 0.8925
2019-06-21 11:15:11.318 - TicTacToeTrain (60  ) - [INFO   ] - black score rate after 880 epochs: 0.519
2019-06-21 11:15:26.506 - TicTacToeTrain (55  ) - [INFO   ] - start evaluating the network in epoch 890
2019-06-21 11:15:28.318 - TicTacToeTrain (57  ) - [INFO   ] - white score rate after 890 epochs: 0.8885
2019-06-21 11:15:30.055 - TicTacToeTrain (60  ) - [INFO   ] - black score rate after 890 epochs: 0.5115
2019-06-21 11:15:44.769 - TicTacToeTrain (55  ) - [INFO   ] - start evaluating the network in epoch 900
2019-06-21 11:15:46.602 - TicTacToeTrain (57  ) - [INFO   ] - white score rate after 900 epochs: 0.885
2019-06-21 11:15:48.329 - TicTacToeTrain (60  ) - [INFO   ] - black score rate after 900 epochs: 0.529
2019-06-21 11:16:03.520 - TicTacToeTrain (55  ) - [INFO   ] - start evaluating the network in epoch 910
2019-06-21 11:16:05.386 - TicTacToeTrain (57  ) - [INFO   ] - white score rate after 910 epochs: 0.8325
2019-06-21 11:16:07.110 - TicTacToeTrain (60  ) - [INFO   ] - black score rate after 910 epochs: 0.536
2019-06-21 11:16:22.215 - TicTacToeTrain (55  ) - [INFO   ] - start evaluating the network in epoch 920
2019-06-21 11:16:24.067 - TicTacToeTrain (57  ) - [INFO   ] - white score rate after 920 epochs: 0.903
2019-06-21 11:16:25.793 - TicTacToeTrain (60  ) - [INFO   ] - black score rate after 920 epochs: 0.5235
2019-06-21 11:16:40.636 - TicTacToeTrain (55  ) - [INFO   ] - start evaluating the network in epoch 930
2019-06-21 11:16:42.567 - TicTacToeTrain (57  ) - [INFO   ] - white score rate after 930 epochs: 0.795
2019-06-21 11:16:44.263 - TicTacToeTrain (60  ) - [INFO   ] - black score rate after 930 epochs: 0.5595
2019-06-21 11:16:59.463 - TicTacToeTrain (55  ) - [INFO   ] - start evaluating the network in epoch 940
2019-06-21 11:17:01.343 - TicTacToeTrain (57  ) - [INFO   ] - white score rate after 940 epochs: 0.8365
2019-06-21 11:17:03.024 - TicTacToeTrain (60  ) - [INFO   ] - black score rate after 940 epochs: 0.553
2019-06-21 11:17:17.999 - TicTacToeTrain (55  ) - [INFO   ] - start evaluating the network in epoch 950
2019-06-21 11:17:19.962 - TicTacToeTrain (57  ) - [INFO   ] - white score rate after 950 epochs: 0.731
2019-06-21 11:17:21.640 - TicTacToeTrain (60  ) - [INFO   ] - black score rate after 950 epochs: 0.6005
2019-06-21 11:17:36.715 - TicTacToeTrain (55  ) - [INFO   ] - start evaluating the network in epoch 960
2019-06-21 11:17:38.554 - TicTacToeTrain (57  ) - [INFO   ] - white score rate after 960 epochs: 0.874
2019-06-21 11:17:40.233 - TicTacToeTrain (60  ) - [INFO   ] - black score rate after 960 epochs: 0.5975
2019-06-21 11:17:55.273 - TicTacToeTrain (55  ) - [INFO   ] - start evaluating the network in epoch 970
2019-06-21 11:17:57.139 - TicTacToeTrain (57  ) - [INFO   ] - white score rate after 970 epochs: 0.895
2019-06-21 11:17:58.829 - TicTacToeTrain (60  ) - [INFO   ] - black score rate after 970 epochs: 0.6055
2019-06-21 11:18:13.815 - TicTacToeTrain (55  ) - [INFO   ] - start evaluating the network in epoch 980
2019-06-21 11:18:15.607 - TicTacToeTrain (57  ) - [INFO   ] - white score rate after 980 epochs: 0.887
2019-06-21 11:18:17.322 - TicTacToeTrain (60  ) - [INFO   ] - black score rate after 980 epochs: 0.5115
2019-06-21 11:18:32.463 - TicTacToeTrain (55  ) - [INFO   ] - start evaluating the network in epoch 990
2019-06-21 11:18:34.383 - TicTacToeTrain (57  ) - [INFO   ] - white score rate after 990 epochs: 0.7455
2019-06-21 11:18:36.096 - TicTacToeTrain (60  ) - [INFO   ] - black score rate after 990 epochs: 0.497
2019-06-21 11:18:51.195 - TicTacToeTrain (85  ) - [INFO   ] - elapsed time whole training process 1955.2395586967468 for 100000 episodes
2019-06-21 11:20:56.341 - root           (46  ) - [DEBUG  ] - logger successfully initialized
2019-06-21 11:20:56.342 - TicTacToeTrain (55  ) - [INFO   ] - start evaluating the network in epoch 0
2019-06-21 11:20:57.699 - TicTacToeTrain (57  ) - [INFO   ] - white score rate after 0 epochs: 0.6525
2019-06-21 11:20:58.805 - TicTacToeTrain (60  ) - [INFO   ] - black score rate after 0 epochs: 0.3525
2019-06-21 11:21:06.148 - TicTacToeTrain (85  ) - [INFO   ] - elapsed time whole training process 9.805986404418945 for 1000 episodes
2019-06-21 11:21:06.259 - matplotlib.axes._base(2515) - [DEBUG  ] - update_title_pos
2019-06-21 11:21:06.270 - matplotlib.font_manager(1254) - [DEBUG  ] - findfont: Matching :family=sans-serif:style=normal:variant=normal:weight=normal:stretch=normal:size=10.0 to DejaVu Sans ('C:\\Users\\Roy Morphy\\AppData\\Local\\Programs\\Python\\Python37\\lib\\site-packages\\matplotlib\\mpl-data\\fonts\\ttf\\DejaVuSans.ttf') with score of 0.050000.
2019-06-21 11:21:06.297 - matplotlib.font_manager(1254) - [DEBUG  ] - findfont: Matching :family=sans-serif:style=normal:variant=normal:weight=normal:stretch=normal:size=12.0 to DejaVu Sans ('C:\\Users\\Roy Morphy\\AppData\\Local\\Programs\\Python\\Python37\\lib\\site-packages\\matplotlib\\mpl-data\\fonts\\ttf\\DejaVuSans.ttf') with score of 0.050000.
2019-06-21 11:21:06.309 - matplotlib.axes._base(2515) - [DEBUG  ] - update_title_pos
2019-06-21 11:21:15.996 - root           (46  ) - [DEBUG  ] - logger successfully initialized
2019-06-21 11:21:15.997 - TicTacToeTrain (55  ) - [INFO   ] - start evaluating the network in epoch 0
2019-06-21 11:21:17.335 - TicTacToeTrain (57  ) - [INFO   ] - white score rate after 0 epochs: 0.7875
2019-06-21 11:21:18.389 - TicTacToeTrain (60  ) - [INFO   ] - black score rate after 0 epochs: 0.2665
2019-06-21 11:21:26.781 - TicTacToeTrain (55  ) - [INFO   ] - start evaluating the network in epoch 10
2019-06-21 11:21:28.201 - TicTacToeTrain (57  ) - [INFO   ] - white score rate after 10 epochs: 0.593
2019-06-21 11:21:29.277 - TicTacToeTrain (60  ) - [INFO   ] - black score rate after 10 epochs: 0.295
2019-06-21 11:21:41.639 - TicTacToeTrain (55  ) - [INFO   ] - start evaluating the network in epoch 20
2019-06-21 11:21:42.993 - TicTacToeTrain (57  ) - [INFO   ] - white score rate after 20 epochs: 0.464
2019-06-21 11:21:44.093 - TicTacToeTrain (60  ) - [INFO   ] - black score rate after 20 epochs: 0.225
2019-06-21 11:21:56.558 - TicTacToeTrain (55  ) - [INFO   ] - start evaluating the network in epoch 30
2019-06-21 11:21:57.940 - TicTacToeTrain (57  ) - [INFO   ] - white score rate after 30 epochs: 0.4905
2019-06-21 11:21:59.045 - TicTacToeTrain (60  ) - [INFO   ] - black score rate after 30 epochs: 0.2745
2019-06-21 11:22:11.678 - TicTacToeTrain (55  ) - [INFO   ] - start evaluating the network in epoch 40
2019-06-21 11:22:13.048 - TicTacToeTrain (57  ) - [INFO   ] - white score rate after 40 epochs: 0.5205
2019-06-21 11:22:14.144 - TicTacToeTrain (60  ) - [INFO   ] - black score rate after 40 epochs: 0.2675
2019-06-21 11:22:26.620 - TicTacToeTrain (55  ) - [INFO   ] - start evaluating the network in epoch 50
2019-06-21 11:22:27.993 - TicTacToeTrain (57  ) - [INFO   ] - white score rate after 50 epochs: 0.514
2019-06-21 11:22:29.095 - TicTacToeTrain (60  ) - [INFO   ] - black score rate after 50 epochs: 0.2125
2019-06-21 11:22:41.635 - TicTacToeTrain (55  ) - [INFO   ] - start evaluating the network in epoch 60
2019-06-21 11:22:42.971 - TicTacToeTrain (57  ) - [INFO   ] - white score rate after 60 epochs: 0.459
2019-06-21 11:22:44.080 - TicTacToeTrain (60  ) - [INFO   ] - black score rate after 60 epochs: 0.249
2019-06-21 11:22:56.725 - TicTacToeTrain (55  ) - [INFO   ] - start evaluating the network in epoch 70
2019-06-21 11:22:58.054 - TicTacToeTrain (57  ) - [INFO   ] - white score rate after 70 epochs: 0.485
2019-06-21 11:22:59.178 - TicTacToeTrain (60  ) - [INFO   ] - black score rate after 70 epochs: 0.2645
2019-06-21 11:23:11.913 - TicTacToeTrain (55  ) - [INFO   ] - start evaluating the network in epoch 80
2019-06-21 11:23:13.249 - TicTacToeTrain (57  ) - [INFO   ] - white score rate after 80 epochs: 0.5295
2019-06-21 11:23:14.360 - TicTacToeTrain (60  ) - [INFO   ] - black score rate after 80 epochs: 0.3275
2019-06-21 11:23:26.601 - TicTacToeTrain (55  ) - [INFO   ] - start evaluating the network in epoch 90
2019-06-21 11:23:27.905 - TicTacToeTrain (57  ) - [INFO   ] - white score rate after 90 epochs: 0.7165
2019-06-21 11:23:29.018 - TicTacToeTrain (60  ) - [INFO   ] - black score rate after 90 epochs: 0.4415
2019-06-21 11:23:41.770 - TicTacToeTrain (85  ) - [INFO   ] - elapsed time whole training process 145.77328443527222 for 10000 episodes
2019-06-21 11:23:41.878 - matplotlib.axes._base(2515) - [DEBUG  ] - update_title_pos
2019-06-21 11:23:41.886 - matplotlib.font_manager(1254) - [DEBUG  ] - findfont: Matching :family=sans-serif:style=normal:variant=normal:weight=normal:stretch=normal:size=10.0 to DejaVu Sans ('C:\\Users\\Roy Morphy\\AppData\\Local\\Programs\\Python\\Python37\\lib\\site-packages\\matplotlib\\mpl-data\\fonts\\ttf\\DejaVuSans.ttf') with score of 0.050000.
2019-06-21 11:23:41.905 - matplotlib.font_manager(1254) - [DEBUG  ] - findfont: Matching :family=sans-serif:style=normal:variant=normal:weight=normal:stretch=normal:size=12.0 to DejaVu Sans ('C:\\Users\\Roy Morphy\\AppData\\Local\\Programs\\Python\\Python37\\lib\\site-packages\\matplotlib\\mpl-data\\fonts\\ttf\\DejaVuSans.ttf') with score of 0.050000.
2019-06-21 11:23:41.916 - matplotlib.axes._base(2515) - [DEBUG  ] - update_title_pos
2019-06-21 11:25:55.053 - root           (46  ) - [DEBUG  ] - logger successfully initialized
2019-06-21 11:25:55.055 - TicTacToeTrain (55  ) - [INFO   ] - start evaluating the network in epoch 0
2019-06-21 11:25:56.405 - TicTacToeTrain (57  ) - [INFO   ] - white score rate after 0 epochs: 0.6755
2019-06-21 11:25:57.476 - TicTacToeTrain (60  ) - [INFO   ] - black score rate after 0 epochs: 0.3665
2019-06-21 11:26:05.346 - TicTacToeTrain (55  ) - [INFO   ] - start evaluating the network in epoch 10
2019-06-21 11:26:06.750 - TicTacToeTrain (57  ) - [INFO   ] - white score rate after 10 epochs: 0.7425
2019-06-21 11:26:07.877 - TicTacToeTrain (60  ) - [INFO   ] - black score rate after 10 epochs: 0.355
2019-06-21 11:26:20.274 - TicTacToeTrain (55  ) - [INFO   ] - start evaluating the network in epoch 20
2019-06-21 11:26:21.648 - TicTacToeTrain (57  ) - [INFO   ] - white score rate after 20 epochs: 0.7495
2019-06-21 11:26:22.779 - TicTacToeTrain (60  ) - [INFO   ] - black score rate after 20 epochs: 0.422
2019-06-21 11:26:35.622 - TicTacToeTrain (55  ) - [INFO   ] - start evaluating the network in epoch 30
2019-06-21 11:26:36.954 - TicTacToeTrain (57  ) - [INFO   ] - white score rate after 30 epochs: 0.582
2019-06-21 11:26:38.067 - TicTacToeTrain (60  ) - [INFO   ] - black score rate after 30 epochs: 0.4245
2019-06-21 11:26:50.934 - TicTacToeTrain (55  ) - [INFO   ] - start evaluating the network in epoch 40
2019-06-21 11:26:52.267 - TicTacToeTrain (57  ) - [INFO   ] - white score rate after 40 epochs: 0.746
2019-06-21 11:26:53.368 - TicTacToeTrain (60  ) - [INFO   ] - black score rate after 40 epochs: 0.4595
2019-06-21 11:27:06.079 - TicTacToeTrain (55  ) - [INFO   ] - start evaluating the network in epoch 50
2019-06-21 11:27:07.416 - TicTacToeTrain (57  ) - [INFO   ] - white score rate after 50 epochs: 0.8055
2019-06-21 11:27:08.579 - TicTacToeTrain (60  ) - [INFO   ] - black score rate after 50 epochs: 0.4685
2019-06-21 11:27:21.393 - TicTacToeTrain (55  ) - [INFO   ] - start evaluating the network in epoch 60
2019-06-21 11:27:22.758 - TicTacToeTrain (57  ) - [INFO   ] - white score rate after 60 epochs: 0.741
2019-06-21 11:27:23.910 - TicTacToeTrain (60  ) - [INFO   ] - black score rate after 60 epochs: 0.4535
2019-06-21 11:27:36.607 - TicTacToeTrain (55  ) - [INFO   ] - start evaluating the network in epoch 70
2019-06-21 11:27:37.972 - TicTacToeTrain (57  ) - [INFO   ] - white score rate after 70 epochs: 0.7275
2019-06-21 11:27:39.141 - TicTacToeTrain (60  ) - [INFO   ] - black score rate after 70 epochs: 0.403
2019-06-21 11:27:51.807 - TicTacToeTrain (55  ) - [INFO   ] - start evaluating the network in epoch 80
2019-06-21 11:27:53.168 - TicTacToeTrain (57  ) - [INFO   ] - white score rate after 80 epochs: 0.6675
2019-06-21 11:27:54.321 - TicTacToeTrain (60  ) - [INFO   ] - black score rate after 80 epochs: 0.431
2019-06-21 11:28:07.002 - TicTacToeTrain (55  ) - [INFO   ] - start evaluating the network in epoch 90
2019-06-21 11:28:08.399 - TicTacToeTrain (57  ) - [INFO   ] - white score rate after 90 epochs: 0.7235
2019-06-21 11:28:09.561 - TicTacToeTrain (60  ) - [INFO   ] - black score rate after 90 epochs: 0.445
2019-06-21 11:28:22.338 - TicTacToeTrain (85  ) - [INFO   ] - elapsed time whole training process 147.28317761421204 for 10000 episodes
2019-06-21 11:28:22.448 - matplotlib.axes._base(2515) - [DEBUG  ] - update_title_pos
2019-06-21 11:28:22.455 - matplotlib.font_manager(1254) - [DEBUG  ] - findfont: Matching :family=sans-serif:style=normal:variant=normal:weight=normal:stretch=normal:size=10.0 to DejaVu Sans ('C:\\Users\\Roy Morphy\\AppData\\Local\\Programs\\Python\\Python37\\lib\\site-packages\\matplotlib\\mpl-data\\fonts\\ttf\\DejaVuSans.ttf') with score of 0.050000.
2019-06-21 11:28:22.474 - matplotlib.font_manager(1254) - [DEBUG  ] - findfont: Matching :family=sans-serif:style=normal:variant=normal:weight=normal:stretch=normal:size=12.0 to DejaVu Sans ('C:\\Users\\Roy Morphy\\AppData\\Local\\Programs\\Python\\Python37\\lib\\site-packages\\matplotlib\\mpl-data\\fonts\\ttf\\DejaVuSans.ttf') with score of 0.050000.
2019-06-21 11:28:22.486 - matplotlib.axes._base(2515) - [DEBUG  ] - update_title_pos
