2019-06-28 17:09:28.574 - root           (46  ) - [DEBUG  ] - logger successfully initialized
2019-06-28 17:09:54.610 - root           (46  ) - [DEBUG  ] - logger successfully initialized
2019-06-28 17:09:54.612 - TicTacToeTrain (55  ) - [INFO   ] - start evaluating the network in epoch 0
2019-06-28 17:10:42.241 - root           (46  ) - [DEBUG  ] - logger successfully initialized
2019-06-28 17:10:42.242 - TicTacToeTrain (55  ) - [INFO   ] - start evaluating the network in epoch 0
2019-06-28 17:11:10.061 - root           (46  ) - [DEBUG  ] - logger successfully initialized
2019-06-28 17:11:10.063 - TicTacToeTrain (55  ) - [INFO   ] - start evaluating the network in epoch 0
2019-06-28 17:11:11.097 - TicTacToeTrain (57  ) - [INFO   ] - white score rate after 0 epochs: 0.6155
2019-06-28 17:11:11.987 - TicTacToeTrain (60  ) - [INFO   ] - black score rate after 0 epochs: 0.353
2019-06-28 17:30:35.716 - root           (46  ) - [DEBUG  ] - logger successfully initialized
2019-06-28 17:30:35.720 - TicTacToeTrain (55  ) - [INFO   ] - start evaluating the network in epoch 0
2019-06-28 17:30:37.030 - TicTacToeTrain (57  ) - [INFO   ] - white score rate after 0 epochs: 0.817
2019-06-28 17:30:38.279 - TicTacToeTrain (60  ) - [INFO   ] - black score rate after 0 epochs: 0.3785
2019-06-28 17:40:29.023 - root           (46  ) - [DEBUG  ] - logger successfully initialized
2019-06-28 17:40:29.027 - TicTacToeTrain (55  ) - [INFO   ] - start evaluating the network in epoch 0
2019-06-28 17:40:30.606 - TicTacToeTrain (57  ) - [INFO   ] - white score rate after 0 epochs: 0.66
2019-06-28 17:40:31.825 - TicTacToeTrain (60  ) - [INFO   ] - black score rate after 0 epochs: 0.4665
2019-06-28 17:42:26.691 - root           (46  ) - [DEBUG  ] - logger successfully initialized
2019-06-28 17:42:26.692 - TicTacToeTrain (55  ) - [INFO   ] - start evaluating the network in epoch 0
2019-06-28 17:42:27.896 - TicTacToeTrain (57  ) - [INFO   ] - white score rate after 0 epochs: 0.645
2019-06-28 17:42:28.767 - TicTacToeTrain (60  ) - [INFO   ] - black score rate after 0 epochs: 0.527
2019-06-28 17:43:38.326 - root           (46  ) - [DEBUG  ] - logger successfully initialized
2019-06-28 17:43:38.328 - TicTacToeTrain (55  ) - [INFO   ] - start evaluating the network in epoch 0
2019-06-28 17:43:39.277 - TicTacToeTrain (57  ) - [INFO   ] - white score rate after 0 epochs: 0.788
2019-06-28 17:43:40.207 - TicTacToeTrain (60  ) - [INFO   ] - black score rate after 0 epochs: 0.4725
2019-06-28 17:44:25.617 - root           (46  ) - [DEBUG  ] - logger successfully initialized
2019-06-28 17:44:25.619 - TicTacToeTrain (55  ) - [INFO   ] - start evaluating the network in epoch 0
2019-06-28 17:44:26.687 - TicTacToeTrain (57  ) - [INFO   ] - white score rate after 0 epochs: 0.604
2019-06-28 17:44:27.618 - TicTacToeTrain (60  ) - [INFO   ] - black score rate after 0 epochs: 0.3585
2019-06-28 17:48:30.581 - root           (46  ) - [DEBUG  ] - logger successfully initialized
2019-06-28 17:48:30.585 - TicTacToeTrain (55  ) - [INFO   ] - start evaluating the network in epoch 0
2019-06-28 17:48:32.046 - TicTacToeTrain (57  ) - [INFO   ] - white score rate after 0 epochs: 0.569
2019-06-28 17:48:33.254 - TicTacToeTrain (60  ) - [INFO   ] - black score rate after 0 epochs: 0.29
2019-06-28 17:51:31.124 - root           (46  ) - [DEBUG  ] - logger successfully initialized
2019-06-28 17:51:31.126 - TicTacToeTrain (55  ) - [INFO   ] - start evaluating the network in epoch 0
2019-06-28 17:51:32.209 - TicTacToeTrain (57  ) - [INFO   ] - white score rate after 0 epochs: 0.6915
2019-06-28 17:51:33.125 - TicTacToeTrain (60  ) - [INFO   ] - black score rate after 0 epochs: 0.3835
2019-06-28 17:52:00.065 - root           (46  ) - [DEBUG  ] - logger successfully initialized
2019-06-28 17:52:00.069 - TicTacToeTrain (55  ) - [INFO   ] - start evaluating the network in epoch 0
2019-06-28 17:52:01.522 - TicTacToeTrain (57  ) - [INFO   ] - white score rate after 0 epochs: 0.748
2019-06-28 17:52:02.766 - TicTacToeTrain (60  ) - [INFO   ] - black score rate after 0 epochs: 0.469
2019-06-28 17:52:33.013 - root           (46  ) - [DEBUG  ] - logger successfully initialized
2019-06-28 17:52:33.015 - TicTacToeTrain (55  ) - [INFO   ] - start evaluating the network in epoch 0
2019-06-28 17:52:34.158 - TicTacToeTrain (57  ) - [INFO   ] - white score rate after 0 epochs: 0.5675
2019-06-28 17:52:35.068 - TicTacToeTrain (60  ) - [INFO   ] - black score rate after 0 epochs: 0.3615
2019-06-28 17:53:52.280 - TicTacToeTrain (55  ) - [INFO   ] - start evaluating the network in epoch 10
2019-06-28 17:53:53.355 - TicTacToeTrain (57  ) - [INFO   ] - white score rate after 10 epochs: 0.5635
2019-06-28 17:53:54.284 - TicTacToeTrain (60  ) - [INFO   ] - black score rate after 10 epochs: 0.4345
2019-06-28 17:55:11.987 - TicTacToeTrain (55  ) - [INFO   ] - start evaluating the network in epoch 20
2019-06-28 17:55:13.053 - TicTacToeTrain (57  ) - [INFO   ] - white score rate after 20 epochs: 0.702
2019-06-28 17:55:13.960 - TicTacToeTrain (60  ) - [INFO   ] - black score rate after 20 epochs: 0.4415
2019-07-01 09:52:09.998 - root           (46  ) - [DEBUG  ] - logger successfully initialized
2019-07-01 09:52:09.999 - TicTacToeTrain (55  ) - [INFO   ] - start evaluating the network in epoch 0
2019-07-01 09:52:11.236 - TicTacToeTrain (57  ) - [INFO   ] - white score rate after 0 epochs: 0.58
2019-07-01 09:52:12.243 - TicTacToeTrain (60  ) - [INFO   ] - black score rate after 0 epochs: 0.4995
2019-07-01 09:53:28.840 - TicTacToeTrain (55  ) - [INFO   ] - start evaluating the network in epoch 10
2019-07-01 09:53:30.034 - TicTacToeTrain (57  ) - [INFO   ] - white score rate after 10 epochs: 0.733
2019-07-01 09:53:31.004 - TicTacToeTrain (60  ) - [INFO   ] - black score rate after 10 epochs: 0.3645
2019-07-01 09:54:47.927 - TicTacToeTrain (55  ) - [INFO   ] - start evaluating the network in epoch 20
2019-07-01 09:54:48.958 - TicTacToeTrain (57  ) - [INFO   ] - white score rate after 20 epochs: 0.7975
2019-07-01 09:54:49.940 - TicTacToeTrain (60  ) - [INFO   ] - black score rate after 20 epochs: 0.3855
2019-07-01 09:56:05.669 - TicTacToeTrain (55  ) - [INFO   ] - start evaluating the network in epoch 30
2019-07-01 09:56:06.710 - TicTacToeTrain (57  ) - [INFO   ] - white score rate after 30 epochs: 0.7885
2019-07-01 09:56:07.734 - TicTacToeTrain (60  ) - [INFO   ] - black score rate after 30 epochs: 0.4265
2019-07-01 09:57:23.251 - TicTacToeTrain (55  ) - [INFO   ] - start evaluating the network in epoch 40
2019-07-01 09:57:24.221 - TicTacToeTrain (57  ) - [INFO   ] - white score rate after 40 epochs: 0.8515
2019-07-01 09:57:25.217 - TicTacToeTrain (60  ) - [INFO   ] - black score rate after 40 epochs: 0.4925
2019-07-01 09:58:40.261 - TicTacToeTrain (55  ) - [INFO   ] - start evaluating the network in epoch 50
2019-07-01 09:58:41.229 - TicTacToeTrain (57  ) - [INFO   ] - white score rate after 50 epochs: 0.8465
2019-07-01 09:58:42.230 - TicTacToeTrain (60  ) - [INFO   ] - black score rate after 50 epochs: 0.378
2019-07-01 09:59:59.960 - TicTacToeTrain (55  ) - [INFO   ] - start evaluating the network in epoch 60
2019-07-01 10:00:01.499 - TicTacToeTrain (57  ) - [INFO   ] - white score rate after 60 epochs: 0.806
2019-07-01 10:00:02.518 - TicTacToeTrain (60  ) - [INFO   ] - black score rate after 60 epochs: 0.378
2019-07-01 10:00:44.471 - root           (46  ) - [DEBUG  ] - logger successfully initialized
2019-07-01 10:00:44.475 - TicTacToeTrain (55  ) - [INFO   ] - start evaluating the network in epoch 0
2019-07-01 10:00:45.987 - TicTacToeTrain (57  ) - [INFO   ] - white score rate after 0 epochs: 0.623
2019-07-01 10:00:47.295 - TicTacToeTrain (60  ) - [INFO   ] - black score rate after 0 epochs: 0.433
2019-07-01 10:01:35.134 - root           (46  ) - [DEBUG  ] - logger successfully initialized
2019-07-01 10:01:35.138 - TicTacToeTrain (55  ) - [INFO   ] - start evaluating the network in epoch 0
2019-07-01 10:01:36.768 - TicTacToeTrain (57  ) - [INFO   ] - white score rate after 0 epochs: 0.581
2019-07-01 10:01:38.122 - TicTacToeTrain (60  ) - [INFO   ] - black score rate after 0 epochs: 0.3895
2019-07-01 10:02:05.672 - root           (46  ) - [DEBUG  ] - logger successfully initialized
2019-07-01 10:02:05.673 - TicTacToeTrain (55  ) - [INFO   ] - start evaluating the network in epoch 0
2019-07-01 10:02:06.910 - TicTacToeTrain (57  ) - [INFO   ] - white score rate after 0 epochs: 0.54
2019-07-01 10:02:07.926 - TicTacToeTrain (60  ) - [INFO   ] - black score rate after 0 epochs: 0.1835
2019-07-01 10:03:27.342 - root           (46  ) - [DEBUG  ] - logger successfully initialized
2019-07-01 10:03:27.345 - TicTacToeTrain (55  ) - [INFO   ] - start evaluating the network in epoch 0
2019-07-01 10:03:29.062 - TicTacToeTrain (57  ) - [INFO   ] - white score rate after 0 epochs: 0.6665
2019-07-01 10:03:30.322 - TicTacToeTrain (60  ) - [INFO   ] - black score rate after 0 epochs: 0.4375
2019-07-01 10:03:49.261 - root           (46  ) - [DEBUG  ] - logger successfully initialized
2019-07-01 10:03:49.264 - TicTacToeTrain (55  ) - [INFO   ] - start evaluating the network in epoch 0
2019-07-01 10:03:50.950 - TicTacToeTrain (57  ) - [INFO   ] - white score rate after 0 epochs: 0.6945
2019-07-01 10:03:52.345 - TicTacToeTrain (60  ) - [INFO   ] - black score rate after 0 epochs: 0.3415
2019-07-01 10:05:55.089 - root           (46  ) - [DEBUG  ] - logger successfully initialized
2019-07-01 10:05:55.093 - TicTacToeTrain (66  ) - [INFO   ] - start evaluating the network in epoch 0
2019-07-01 10:05:56.685 - TicTacToeTrain (68  ) - [INFO   ] - white score rate after 0 epochs: 0.6795
2019-07-01 10:05:58.007 - TicTacToeTrain (71  ) - [INFO   ] - black score rate after 0 epochs: 0.2495
2019-07-01 10:06:19.604 - root           (46  ) - [DEBUG  ] - logger successfully initialized
2019-07-01 10:06:19.608 - TicTacToeTrain (67  ) - [INFO   ] - start evaluating the network in epoch 0
2019-07-01 10:06:21.269 - TicTacToeTrain (69  ) - [INFO   ] - white score rate after 0 epochs: 0.572
2019-07-01 10:06:22.589 - TicTacToeTrain (72  ) - [INFO   ] - black score rate after 0 epochs: 0.347
2019-07-01 10:14:33.675 - root           (46  ) - [DEBUG  ] - logger successfully initialized
2019-07-01 10:14:33.676 - TicTacToeTrain (67  ) - [INFO   ] - start evaluating the network in epoch 0
2019-07-01 10:14:34.859 - TicTacToeTrain (69  ) - [INFO   ] - white score rate after 0 epochs: 0.7445
2019-07-01 10:14:35.865 - TicTacToeTrain (72  ) - [INFO   ] - black score rate after 0 epochs: 0.376
2019-07-01 10:16:00.481 - root           (46  ) - [DEBUG  ] - logger successfully initialized
2019-07-01 10:16:00.483 - TicTacToeTrain (69  ) - [INFO   ] - start evaluating the network in epoch 0
2019-07-01 10:16:01.637 - TicTacToeTrain (71  ) - [INFO   ] - white score rate after 0 epochs: 0.4905
2019-07-01 10:16:02.596 - TicTacToeTrain (74  ) - [INFO   ] - black score rate after 0 epochs: 0.4045
2019-07-01 10:16:02.868 - TicTacToeTrain (57  ) - [DEBUG  ] - start update
2019-07-01 10:16:10.338 - TicTacToeTrain (60  ) - [DEBUG  ] - end update
2019-07-01 10:16:10.692 - TicTacToeTrain (57  ) - [DEBUG  ] - start update
2019-07-01 10:16:18.298 - TicTacToeTrain (60  ) - [DEBUG  ] - end update
2019-07-01 10:16:18.577 - TicTacToeTrain (57  ) - [DEBUG  ] - start update
2019-07-01 10:16:26.166 - TicTacToeTrain (60  ) - [DEBUG  ] - end update
2019-07-01 10:16:26.442 - TicTacToeTrain (57  ) - [DEBUG  ] - start update
2019-07-01 10:18:34.846 - root           (46  ) - [DEBUG  ] - logger successfully initialized
2019-07-01 10:18:34.849 - TicTacToeTrain (69  ) - [INFO   ] - start evaluating the network in epoch 0
2019-07-01 10:21:37.524 - root           (46  ) - [DEBUG  ] - logger successfully initialized
2019-07-01 10:21:37.528 - TicTacToeTrain (69  ) - [INFO   ] - start evaluating the network in epoch 0
2019-07-01 10:21:39.140 - TicTacToeTrain (71  ) - [INFO   ] - white score rate after 0 epochs: 0.5425
2019-07-01 10:21:40.463 - TicTacToeTrain (74  ) - [INFO   ] - black score rate after 0 epochs: 0.313
2019-07-01 10:21:40.856 - TicTacToeTrain (57  ) - [DEBUG  ] - start update
2019-07-01 10:28:14.443 - root           (46  ) - [DEBUG  ] - logger successfully initialized
2019-07-01 10:28:14.447 - TicTacToeTrain (69  ) - [INFO   ] - start evaluating the network in epoch 0
2019-07-01 10:28:15.918 - TicTacToeTrain (71  ) - [INFO   ] - white score rate after 0 epochs: 0.6515
2019-07-01 10:28:17.136 - TicTacToeTrain (74  ) - [INFO   ] - black score rate after 0 epochs: 0.396
2019-07-01 10:28:17.540 - TicTacToeTrain (57  ) - [DEBUG  ] - start update
2019-07-01 10:46:25.864 - root           (46  ) - [DEBUG  ] - logger successfully initialized
2019-07-01 10:46:25.868 - TicTacToeTrain (65  ) - [INFO   ] - start evaluating the network in epoch 0
2019-07-01 10:46:27.369 - TicTacToeTrain (67  ) - [INFO   ] - white score rate after 0 epochs: 0.6105
2019-07-01 10:46:28.613 - TicTacToeTrain (70  ) - [INFO   ] - black score rate after 0 epochs: 0.241
2019-07-01 10:46:29.036 - TicTacToeTrain (53  ) - [DEBUG  ] - start update
2019-07-01 10:46:35.000 - root           (46  ) - [DEBUG  ] - logger successfully initialized
2019-07-01 10:46:35.004 - TicTacToeTrain (65  ) - [INFO   ] - start evaluating the network in epoch 0
2019-07-01 10:46:36.374 - TicTacToeTrain (67  ) - [INFO   ] - white score rate after 0 epochs: 0.6805
2019-07-01 10:46:37.573 - TicTacToeTrain (70  ) - [INFO   ] - black score rate after 0 epochs: 0.5315
2019-07-01 10:46:37.911 - TicTacToeTrain (53  ) - [DEBUG  ] - start update
2019-07-01 10:46:47.861 - root           (46  ) - [DEBUG  ] - logger successfully initialized
2019-07-01 10:46:47.865 - TicTacToeTrain (65  ) - [INFO   ] - start evaluating the network in epoch 0
2019-07-01 10:46:49.449 - TicTacToeTrain (67  ) - [INFO   ] - white score rate after 0 epochs: 0.528
2019-07-01 10:46:50.743 - TicTacToeTrain (70  ) - [INFO   ] - black score rate after 0 epochs: 0.3475
2019-07-01 10:46:51.137 - TicTacToeTrain (53  ) - [DEBUG  ] - start update
2019-07-01 10:46:59.388 - TicTacToeTrain (56  ) - [DEBUG  ] - end update
2019-07-01 10:47:49.661 - TicTacToeTrain (53  ) - [DEBUG  ] - start update
2019-07-01 10:47:55.199 - root           (46  ) - [DEBUG  ] - logger successfully initialized
2019-07-01 10:47:55.202 - TicTacToeTrain (65  ) - [INFO   ] - start evaluating the network in epoch 0
2019-07-01 10:47:56.613 - TicTacToeTrain (67  ) - [INFO   ] - white score rate after 0 epochs: 0.8115
2019-07-01 10:47:57.825 - TicTacToeTrain (70  ) - [INFO   ] - black score rate after 0 epochs: 0.3495
2019-07-01 10:48:05.944 - TicTacToeTrain (53  ) - [DEBUG  ] - start update
2019-07-01 10:48:13.440 - TicTacToeTrain (56  ) - [DEBUG  ] - end update
2019-07-01 10:48:32.540 - TicTacToeTrain (53  ) - [DEBUG  ] - start update
2019-07-01 10:57:34.771 - root           (46  ) - [DEBUG  ] - logger successfully initialized
2019-07-01 10:57:37.446 - TicTacToeTrain (65  ) - [INFO   ] - start evaluating the network in epoch 0
2019-07-01 10:57:42.711 - TicTacToeTrain (67  ) - [INFO   ] - white score rate after 0 epochs: 0.578
2019-07-01 10:57:46.489 - TicTacToeTrain (70  ) - [INFO   ] - black score rate after 0 epochs: 0.2795
2019-07-01 10:57:47.228 - TicTacToeTrain (53  ) - [DEBUG  ] - start update
2019-07-01 10:58:36.608 - root           (46  ) - [DEBUG  ] - logger successfully initialized
2019-07-01 10:58:38.663 - TicTacToeTrain (65  ) - [INFO   ] - start evaluating the network in epoch 0
2019-07-01 10:58:43.534 - TicTacToeTrain (67  ) - [INFO   ] - white score rate after 0 epochs: 0.4665
2019-07-01 10:58:47.317 - TicTacToeTrain (70  ) - [INFO   ] - black score rate after 0 epochs: 0.293
2019-07-01 10:58:48.235 - TicTacToeTrain (53  ) - [DEBUG  ] - start update
2019-07-01 10:59:23.653 - root           (46  ) - [DEBUG  ] - logger successfully initialized
2019-07-01 10:59:25.719 - TicTacToeTrain (65  ) - [INFO   ] - start evaluating the network in epoch 0
2019-07-01 10:59:31.052 - TicTacToeTrain (67  ) - [INFO   ] - white score rate after 0 epochs: 0.634
2019-07-01 10:59:35.322 - TicTacToeTrain (70  ) - [INFO   ] - black score rate after 0 epochs: 0.339
2019-07-01 10:59:40.940 - TicTacToeTrain (53  ) - [DEBUG  ] - start update
2019-07-01 11:01:14.693 - root           (46  ) - [DEBUG  ] - logger successfully initialized
2019-07-01 11:01:16.741 - TicTacToeTrain (65  ) - [INFO   ] - start evaluating the network in epoch 0
2019-07-01 11:01:21.805 - TicTacToeTrain (67  ) - [INFO   ] - white score rate after 0 epochs: 0.5165
2019-07-01 11:01:25.517 - TicTacToeTrain (70  ) - [INFO   ] - black score rate after 0 epochs: 0.335
2019-07-01 11:01:26.433 - TicTacToeTrain (53  ) - [DEBUG  ] - start update
2019-07-01 11:02:18.728 - root           (46  ) - [DEBUG  ] - logger successfully initialized
2019-07-01 11:02:20.779 - TicTacToeTrain (65  ) - [INFO   ] - start evaluating the network in epoch 0
2019-07-01 11:02:25.857 - TicTacToeTrain (67  ) - [INFO   ] - white score rate after 0 epochs: 0.629
2019-07-01 11:02:29.665 - TicTacToeTrain (70  ) - [INFO   ] - black score rate after 0 epochs: 0.3105
2019-07-01 11:02:30.341 - TicTacToeTrain (53  ) - [DEBUG  ] - start update
2019-07-01 11:05:08.396 - root           (46  ) - [DEBUG  ] - logger successfully initialized
2019-07-01 11:05:15.930 - root           (46  ) - [DEBUG  ] - logger successfully initialized
2019-07-01 11:05:17.988 - TicTacToeTrain (65  ) - [INFO   ] - start evaluating the network in epoch 0
2019-07-01 11:05:23.213 - TicTacToeTrain (67  ) - [INFO   ] - white score rate after 0 epochs: 0.591
2019-07-01 11:05:27.439 - TicTacToeTrain (70  ) - [INFO   ] - black score rate after 0 epochs: 0.185
2019-07-01 11:05:28.517 - TicTacToeTrain (53  ) - [DEBUG  ] - start update
2019-07-01 11:14:19.365 - root           (46  ) - [DEBUG  ] - logger successfully initialized
2019-07-01 11:14:21.479 - TicTacToeTrain (64  ) - [INFO   ] - start evaluating the network in epoch 0
2019-07-01 11:14:26.428 - TicTacToeTrain (66  ) - [INFO   ] - white score rate after 0 epochs: 0.8395
2019-07-01 11:14:30.407 - TicTacToeTrain (69  ) - [INFO   ] - black score rate after 0 epochs: 0.3485
2019-07-01 11:15:33.838 - root           (46  ) - [DEBUG  ] - logger successfully initialized
